Using pre-set license
Built from '2020.3/staging' branch; Version is '2020.3.9f1 (108be757e447) revision 1084391'; Using compiler version '192528614'; Build Type 'Release'
OS: 'Windows 10 Pro; OS build 18363.1316; Version 1909; 64bit' Language: 'pt' Physical Memory: 8191 MB
BatchMode: 1, IsHumanControllingUs: 0, StartBugReporterOnCrash: 0, Is64bit: 1, IsPro: 0

 COMMAND LINE ARGUMENTS:
C:\Program Files\Unity\Hub\Editor\2020.3.9f1\Editor\Unity.exe
-adb2
-batchMode
-noUpm
-name
AssetImportWorker0
-projectPath
C:/Users/Usuario/Game/Ho
-logFile
Logs/AssetImportWorker0.log
-srvPort
58516
Successfully changed project path to: C:/Users/Usuario/Game/Ho
C:/Users/Usuario/Game/Ho
Using Asset Import Pipeline V2.
Refreshing native plugins compatible for Editor in 57.19 ms, found 0 plugins.
Preloading 0 native plugins for Editor in 0.00 ms.
Initialize engine version: 2020.3.9f1 (108be757e447)
[Subsystems] Discovering subsystems at path C:/Program Files/Unity/Hub/Editor/2020.3.9f1/Editor/Data/Resources/UnitySubsystems
[Subsystems] Discovering subsystems at path C:/Users/Usuario/Game/Ho/Assets
GfxDevice: creating device client; threaded=0
Direct3D:
    Version:  Direct3D 11.0 [level 11.0]
    Renderer: NVIDIA GeForce GTX 750 Ti (ID=0x1380)
    Vendor:   
    VRAM:     984 MB
    Driver:   27.21.14.6647
Initialize mono
Mono path[0] = 'C:/Program Files/Unity/Hub/Editor/2020.3.9f1/Editor/Data/Managed'
Mono path[1] = 'C:/Program Files/Unity/Hub/Editor/2020.3.9f1/Editor/Data/MonoBleedingEdge/lib/mono/unityjit'
Mono config path = 'C:/Program Files/Unity/Hub/Editor/2020.3.9f1/Editor/Data/MonoBleedingEdge/etc'
Using monoOptions --debugger-agent=transport=dt_socket,embedding=1,server=y,suspend=n,address=127.0.0.1:56892
Begin MonoManager ReloadAssembly
Registering precompiled unity dll's ...
Register platform support module: C:/Program Files/Unity/Hub/Editor/2020.3.9f1/Editor/Data/PlaybackEngines/WindowsStandaloneSupport/UnityEditor.WindowsStandalone.Extensions.dll
Registered in 0.002396 seconds.
Native extension for WindowsStandalone target not found
Refreshing native plugins compatible for Editor in 56.95 ms, found 0 plugins.
Preloading 0 native plugins for Editor in 0.00 ms.
Mono: successfully reloaded assembly
- Completed reload, in  1.806 seconds
Platform modules already initialized, skipping
Registering precompiled user dll's ...
Registered in 0.001164 seconds.
Begin MonoManager ReloadAssembly
Native extension for WindowsStandalone target not found
Refreshing native plugins compatible for Editor in 0.61 ms, found 0 plugins.
Preloading 0 native plugins for Editor in 0.00 ms.
Mono: successfully reloaded assembly
- Completed reload, in  1.470 seconds
Platform modules already initialized, skipping
========================================================================
Worker process is ready to serve import requests
Launched and connected shader compiler UnityShaderCompiler.exe after 0.08 seconds
Refreshing native plugins compatible for Editor in 0.59 ms, found 0 plugins.
Preloading 0 native plugins for Editor in 0.00 ms.
Unloading 1275 Unused Serialized files (Serialized files now loaded: 0)
System memory in use before: 81.4 MB.
System memory in use after: 81.5 MB.

Unloading 10 unused Assets to reduce memory usage. Loaded Objects now: 1726.
Total: 3.906500 ms (FindLiveObjects: 0.608100 ms CreateObjectMapping: 0.128900 ms MarkObjects: 2.830100 ms  DeleteObjects: 0.337500 ms)

========================================================================
Received Import Request.
  path: Assets/3D Models/rack.fbx
  artifactKey: Guid(774a935a7b66ac84db599c77fbb7c76f) Importer(815301076,1909f56bfc062723c751e8b465ee728b)
Start importing Assets/3D Models/rack.fbx using Guid(774a935a7b66ac84db599c77fbb7c76f) Importer(815301076,1909f56bfc062723c751e8b465ee728b)  -> (artifact id: 'c82bb73f6af7772fe9158d12707a8f5b') in 0.315702 seconds
  Import took 0.320723 seconds .

========================================================================
Received Import Request.
  Time since last request: 0.000396 seconds.
  path: Assets/3D Models/WINDOW.fbx
  artifactKey: Guid(0f3457b3c8392c24e9e910d1f139784a) Importer(815301076,1909f56bfc062723c751e8b465ee728b)
Start importing Assets/3D Models/WINDOW.fbx using Guid(0f3457b3c8392c24e9e910d1f139784a) Importer(815301076,1909f56bfc062723c751e8b465ee728b)  -> (artifact id: '3d4f342a93375c1957a69f6ab62963c7') in 0.055814 seconds
  Import took 0.059546 seconds .

========================================================================
Received Import Request.
  Time since last request: 0.000341 seconds.
  path: Assets/3D Models/walldoor.fbx
  artifactKey: Guid(81c1538b5a62fbe458dd2815c7a2e0c1) Importer(815301076,1909f56bfc062723c751e8b465ee728b)
Start importing Assets/3D Models/walldoor.fbx using Guid(81c1538b5a62fbe458dd2815c7a2e0c1) Importer(815301076,1909f56bfc062723c751e8b465ee728b)  -> (artifact id: '6d2d0c64e4028d258b0dcd39f9fe9d00') in 0.049630 seconds
  Import took 0.054744 seconds .

========================================================================
Received Import Request.
  Time since last request: 0.000341 seconds.
  path: Assets/3D Models/cadeira.fbx
  artifactKey: Guid(b41f81d11c589754cad32606af4fc580) Importer(815301076,1909f56bfc062723c751e8b465ee728b)
Start importing Assets/3D Models/cadeira.fbx using Guid(b41f81d11c589754cad32606af4fc580) Importer(815301076,1909f56bfc062723c751e8b465ee728b)  -> (artifact id: '27ff6517107be71ef18f7e754a7a0922') in 0.046416 seconds
  Import took 0.050171 seconds .

========================================================================
Received Import Request.
  Time since last request: 0.000357 seconds.
  path: Assets/3D Models/mesa.fbx
  artifactKey: Guid(5e1aba72025e8c148b50da1f56a01e6e) Importer(815301076,1909f56bfc062723c751e8b465ee728b)
Start importing Assets/3D Models/mesa.fbx using Guid(5e1aba72025e8c148b50da1f56a01e6e) Importer(815301076,1909f56bfc062723c751e8b465ee728b)  -> (artifact id: 'ba44b3244312ff384a711300d6b7eef5') in 0.053246 seconds
  Import took 0.057471 seconds .

========================================================================
Received Import Request.
  Time since last request: 0.000322 seconds.
  path: Assets/3D Models/bed.fbx
  artifactKey: Guid(060f431eb8cbc7a438726dfd028d92b0) Importer(815301076,1909f56bfc062723c751e8b465ee728b)
Start importing Assets/3D Models/bed.fbx using Guid(060f431eb8cbc7a438726dfd028d92b0) Importer(815301076,1909f56bfc062723c751e8b465ee728b)  -> (artifact id: '9a108b6e72a93ee63acef581b83026e0') in 0.122994 seconds
  Import took 0.126942 seconds .

========================================================================
Received Import Request.
  Time since last request: 0.000349 seconds.
  path: Assets/3D Models/sofa.fbx
  artifactKey: Guid(ce480cf9c8172ad49804c73fb26962c6) Importer(815301076,1909f56bfc062723c751e8b465ee728b)
Start importing Assets/3D Models/sofa.fbx using Guid(ce480cf9c8172ad49804c73fb26962c6) Importer(815301076,1909f56bfc062723c751e8b465ee728b)  -> (artifact id: 'e277817b7964de3454ec96c4f21bbb69') in 0.042909 seconds
  Import took 0.047026 seconds .

========================================================================
Received Import Request.
  Time since last request: 0.000343 seconds.
  path: Assets/3D Models/wall 2.mat
  artifactKey: Guid(bc74bf97752bf054283ef78fad9451e2) Importer(815301076,1909f56bfc062723c751e8b465ee728b)
Start importing Assets/3D Models/wall 2.mat using Guid(bc74bf97752bf054283ef78fad9451e2) Importer(815301076,1909f56bfc062723c751e8b465ee728b)  -> (artifact id: 'ae4e2efabc8f964f844f08899a0651bb') in 0.035896 seconds
  Import took 0.039453 seconds .

========================================================================
Received Import Request.
  Time since last request: 0.000362 seconds.
  path: Assets/3D Models/Running.fbx
  artifactKey: Guid(2f085506195fda74294f4392ee4a86df) Importer(815301076,1909f56bfc062723c751e8b465ee728b)
Start importing Assets/3D Models/Running.fbx using Guid(2f085506195fda74294f4392ee4a86df) Importer(815301076,1909f56bfc062723c751e8b465ee728b)  -> (artifact id: '46b52a3de4e330f503cd4ac3293ec22a') in 0.214594 seconds
  Import took 0.219119 seconds .

========================================================================
Received Import Request.
  Time since last request: 0.000300 seconds.
  path: Assets/3D Models/almofada.fbx
  artifactKey: Guid(133f0658ac27a924e87cbd2ff3f177c8) Importer(815301076,1909f56bfc062723c751e8b465ee728b)
Start importing Assets/3D Models/almofada.fbx using Guid(133f0658ac27a924e87cbd2ff3f177c8) Importer(815301076,1909f56bfc062723c751e8b465ee728b)  -> (artifact id: '82f2bdb9efbf80d76a58bad0245339be') in 0.042890 seconds
  Import took 0.047086 seconds .

========================================================================
Received Import Request.
  Time since last request: 0.000331 seconds.
  path: Assets/3D Models/wall 1.mat
  artifactKey: Guid(68a7e336d079f344081eabc52ec26199) Importer(815301076,1909f56bfc062723c751e8b465ee728b)
Start importing Assets/3D Models/wall 1.mat using Guid(68a7e336d079f344081eabc52ec26199) Importer(815301076,1909f56bfc062723c751e8b465ee728b)  -> (artifact id: '4d67249f7bd34980442f3d572d644fe4') in 0.022099 seconds
  Import took 0.026250 seconds .

========================================================================
Received Import Request.
  Time since last request: 0.000317 seconds.
  path: Assets/3D Models/door.fbx
  artifactKey: Guid(fcb3df46768000643a4de0b4a0643030) Importer(815301076,1909f56bfc062723c751e8b465ee728b)
Start importing Assets/3D Models/door.fbx using Guid(fcb3df46768000643a4de0b4a0643030) Importer(815301076,1909f56bfc062723c751e8b465ee728b)  -> (artifact id: '20645e8e1c7207484ea6b076eba34f68') in 0.052247 seconds
  Import took 0.055964 seconds .

========================================================================
Received Import Request.
  Time since last request: 0.000339 seconds.
  path: Assets/3D Models/wall 1.fbx
  artifactKey: Guid(deee710542ca97044807cc22d2b7a087) Importer(815301076,1909f56bfc062723c751e8b465ee728b)
Start importing Assets/3D Models/wall 1.fbx using Guid(deee710542ca97044807cc22d2b7a087) Importer(815301076,1909f56bfc062723c751e8b465ee728b)  -> (artifact id: 'f54f2fde7aa81b0483bd3dcbd73cb46c') in 0.047623 seconds
  Import took 0.051169 seconds .

========================================================================
Received Import Request.
  Time since last request: 0.000312 seconds.
  path: Assets/3D Models/tv.fbx
  artifactKey: Guid(176f7ae22ad6a5447a930ee6e1927ea5) Importer(815301076,1909f56bfc062723c751e8b465ee728b)
Start importing Assets/3D Models/tv.fbx using Guid(176f7ae22ad6a5447a930ee6e1927ea5) Importer(815301076,1909f56bfc062723c751e8b465ee728b)  -> (artifact id: 'cb70d0b87a9f3f8c4290ed7b011a2846') in 0.042182 seconds
  Import took 0.045626 seconds .

========================================================================
Received Import Request.
  Time since last request: 0.000425 seconds.
  path: Assets/3D Models/bath.fbx
  artifactKey: Guid(76d7a2fde27196a48bdce4d5918bcba6) Importer(815301076,1909f56bfc062723c751e8b465ee728b)
Start importing Assets/3D Models/bath.fbx using Guid(76d7a2fde27196a48bdce4d5918bcba6) Importer(815301076,1909f56bfc062723c751e8b465ee728b)  -> (artifact id: '9752a0850f8780474ba3e36872498021') in 0.027048 seconds
  Import took 0.030539 seconds .

========================================================================
Received Import Request.
  Time since last request: 45.936822 seconds.
  path: Assets/Materials/New Material 1.mat
  artifactKey: Guid(23d01d549b0e49a4ab965c6cceadc83a) Importer(815301076,1909f56bfc062723c751e8b465ee728b)
Start importing Assets/Materials/New Material 1.mat using Guid(23d01d549b0e49a4ab965c6cceadc83a) Importer(815301076,1909f56bfc062723c751e8b465ee728b)  -> (artifact id: 'c275832d83977dad7346243c15ce615b') in 0.027803 seconds
  Import took 0.031293 seconds .

========================================================================
Received Import Request.
  Time since last request: 0.000328 seconds.
  path: Assets/Materials/Wood 1.mat
  artifactKey: Guid(a8235070a3d6b2c4ba6ff415b4ad1db3) Importer(815301076,1909f56bfc062723c751e8b465ee728b)
Start importing Assets/Materials/Wood 1.mat using Guid(a8235070a3d6b2c4ba6ff415b4ad1db3) Importer(815301076,1909f56bfc062723c751e8b465ee728b)  -> (artifact id: 'e6e28fb5b1293ccdb0c53f23ed093c05') in 0.028123 seconds
  Import took 0.031392 seconds .

========================================================================
Received Import Request.
  Time since last request: 0.000258 seconds.
  path: Assets/Materials/tecido.mat
  artifactKey: Guid(5b86f4335ded2e74d83c550783ed25c8) Importer(815301076,1909f56bfc062723c751e8b465ee728b)
Start importing Assets/Materials/tecido.mat using Guid(5b86f4335ded2e74d83c550783ed25c8) Importer(815301076,1909f56bfc062723c751e8b465ee728b)  -> (artifact id: '9bc955b58e0c2ab7a6723416be7dc131') in 0.028437 seconds
  Import took 0.031885 seconds .

========================================================================
Received Import Request.
  Time since last request: 0.000297 seconds.
  path: Assets/Materials/wallpaper.mat
  artifactKey: Guid(718c7b458e079874d872fa0dfc56c557) Importer(815301076,1909f56bfc062723c751e8b465ee728b)
Start importing Assets/Materials/wallpaper.mat using Guid(718c7b458e079874d872fa0dfc56c557) Importer(815301076,1909f56bfc062723c751e8b465ee728b)  -> (artifact id: '2e13b29a5c3d7853c5228230c12dc772') in 0.031895 seconds
  Import took 0.035683 seconds .

========================================================================
Received Import Request.
  Time since last request: 0.000265 seconds.
  path: Assets/Materials/New Material 2.mat
  artifactKey: Guid(6aa53cd7b2c666c49b42ba51c35ec2d4) Importer(815301076,1909f56bfc062723c751e8b465ee728b)
Start importing Assets/Materials/New Material 2.mat using Guid(6aa53cd7b2c666c49b42ba51c35ec2d4) Importer(815301076,1909f56bfc062723c751e8b465ee728b)  -> (artifact id: '2714aefd61fa923489289e1c773163fa') in 0.018766 seconds
  Import took 0.022457 seconds .

========================================================================
Received Import Request.
  Time since last request: 0.000268 seconds.
  path: Assets/Materials/Wood 4.mat
  artifactKey: Guid(d83a614da99b37b44a5292699387bfd4) Importer(815301076,1909f56bfc062723c751e8b465ee728b)
Start importing Assets/Materials/Wood 4.mat using Guid(d83a614da99b37b44a5292699387bfd4) Importer(815301076,1909f56bfc062723c751e8b465ee728b)  -> (artifact id: 'a817bab075c0c22aaeb07f3c1640016c') in 0.021728 seconds
  Import took 0.025263 seconds .

========================================================================
Received Import Request.
  Time since last request: 0.000269 seconds.
  path: Assets/Materials/New Material.mat
  artifactKey: Guid(c85d59ca8d87a604ea85fbeb7fd51cf8) Importer(815301076,1909f56bfc062723c751e8b465ee728b)
Start importing Assets/Materials/New Material.mat using Guid(c85d59ca8d87a604ea85fbeb7fd51cf8) Importer(815301076,1909f56bfc062723c751e8b465ee728b)  -> (artifact id: '536ef290c9d8aaa8ca135f22d59eda37') in 0.030837 seconds
  Import took 0.034189 seconds .

========================================================================
Received Import Request.
  Time since last request: 0.000322 seconds.
  path: Assets/Materials/Wood 2.mat
  artifactKey: Guid(a45da0ff30e3ac740bf8ea007388d98f) Importer(815301076,1909f56bfc062723c751e8b465ee728b)
Start importing Assets/Materials/Wood 2.mat using Guid(a45da0ff30e3ac740bf8ea007388d98f) Importer(815301076,1909f56bfc062723c751e8b465ee728b)  -> (artifact id: '31b05deda1f551a46f4af9116a791bfd') in 0.031137 seconds
  Import took 0.034609 seconds .

========================================================================
Received Import Request.
  Time since last request: 0.000397 seconds.
  path: Assets/Materials/Wood.mat
  artifactKey: Guid(2ec31385f16512e4eb2766c3fbd6b26c) Importer(815301076,1909f56bfc062723c751e8b465ee728b)
Start importing Assets/Materials/Wood.mat using Guid(2ec31385f16512e4eb2766c3fbd6b26c) Importer(815301076,1909f56bfc062723c751e8b465ee728b)  -> (artifact id: '177ea08fc6dfcb204a38470682da5cc3') in 0.024394 seconds
  Import took 0.028169 seconds .

========================================================================
Received Import Request.
  Time since last request: 0.000318 seconds.
  path: Assets/Materials/Wood 3.mat
  artifactKey: Guid(2957c6972c3421a459e78836139c3830) Importer(815301076,1909f56bfc062723c751e8b465ee728b)
Start importing Assets/Materials/Wood 3.mat using Guid(2957c6972c3421a459e78836139c3830) Importer(815301076,1909f56bfc062723c751e8b465ee728b)  -> (artifact id: '4196563ba726e3edacbb5666065e15b9') in 0.021155 seconds
  Import took 0.024585 seconds .

========================================================================
Received Import Request.
  Time since last request: 0.000366 seconds.
  path: Assets/Materials/New Material 4.mat
  artifactKey: Guid(0c9c73c57be76fe4b97fc336446a6d2e) Importer(815301076,1909f56bfc062723c751e8b465ee728b)
Start importing Assets/Materials/New Material 4.mat using Guid(0c9c73c57be76fe4b97fc336446a6d2e) Importer(815301076,1909f56bfc062723c751e8b465ee728b)  -> (artifact id: 'eac751984718cff0ce0abc9ceb762b6e') in 0.020961 seconds
  Import took 0.024729 seconds .

========================================================================
Received Import Request.
  Time since last request: 0.000373 seconds.
  path: Assets/Materials/wall.mat
  artifactKey: Guid(d3a5685c2a7a02649a7dc5c310f7e797) Importer(815301076,1909f56bfc062723c751e8b465ee728b)
Start importing Assets/Materials/wall.mat using Guid(d3a5685c2a7a02649a7dc5c310f7e797) Importer(815301076,1909f56bfc062723c751e8b465ee728b)  -> (artifact id: '8232f38a64bc1d7567a9e9c9220a3096') in 0.022973 seconds
  Import took 0.026403 seconds .

========================================================================
Received Import Request.
  Time since last request: 0.000426 seconds.
  path: Assets/Materials/New Material 3.mat
  artifactKey: Guid(75339a3ed15e540419a5e41dfed1499c) Importer(815301076,1909f56bfc062723c751e8b465ee728b)
Start importing Assets/Materials/New Material 3.mat using Guid(75339a3ed15e540419a5e41dfed1499c) Importer(815301076,1909f56bfc062723c751e8b465ee728b)  -> (artifact id: '40e67b88414c71b6f3b2d9b107e79876') in 0.021278 seconds
  Import took 0.024923 seconds .

========================================================================
Received Import Request.
  Time since last request: 4.174838 seconds.
  path: Assets/Materials/Wood 5.mat
  artifactKey: Guid(6b4ebc526ae245842b9e203732ba0793) Importer(815301076,1909f56bfc062723c751e8b465ee728b)
Start importing Assets/Materials/Wood 5.mat using Guid(6b4ebc526ae245842b9e203732ba0793) Importer(815301076,1909f56bfc062723c751e8b465ee728b)  -> (artifact id: '977c3ef41b6dd04abf4726f8d173e456') in 0.020597 seconds
  Import took 0.024264 seconds .

========================================================================
Received Import Request.
  Time since last request: 0.010579 seconds.
  path: Assets/Materials/Wood 5.mat
  artifactKey: Guid(6b4ebc526ae245842b9e203732ba0793) Importer(815301076,1909f56bfc062723c751e8b465ee728b)
Start importing Assets/Materials/Wood 5.mat using Guid(6b4ebc526ae245842b9e203732ba0793) Importer(815301076,1909f56bfc062723c751e8b465ee728b)  -> (artifact id: '977c3ef41b6dd04abf4726f8d173e456') in 0.019335 seconds
  Import took 0.023357 seconds .

========================================================================
Received Import Request.
  Time since last request: 11.961276 seconds.
  path: Assets/Materials/Wood 5.mat
  artifactKey: Guid(6b4ebc526ae245842b9e203732ba0793) Importer(815301076,1909f56bfc062723c751e8b465ee728b)
Start importing Assets/Materials/Wood 5.mat using Guid(6b4ebc526ae245842b9e203732ba0793) Importer(815301076,1909f56bfc062723c751e8b465ee728b)  -> (artifact id: '0cc5de420f0c763b11f96aa205f847e6') in 0.020094 seconds
  Import took 0.023850 seconds .

========================================================================
Received Import Request.
  Time since last request: 67.494220 seconds.
  path: Assets/Textures/tecido.jpg
  artifactKey: Guid(4c75b9924a53b544bb4d926ecad70c89) Importer(815301076,1909f56bfc062723c751e8b465ee728b)
Start importing Assets/Textures/tecido.jpg using Guid(4c75b9924a53b544bb4d926ecad70c89) Importer(815301076,1909f56bfc062723c751e8b465ee728b)  -> (artifact id: '1d8f58521f40739d5f8c5d1697ff05a9') in 0.027905 seconds
  Import took 0.031977 seconds .

========================================================================
Received Import Request.
  Time since last request: 0.000330 seconds.
  path: Assets/Textures/Wood.jpeg
  artifactKey: Guid(fe8ed59b3d29f7e4ba8d5c170bd85f1b) Importer(815301076,1909f56bfc062723c751e8b465ee728b)
Start importing Assets/Textures/Wood.jpeg using Guid(fe8ed59b3d29f7e4ba8d5c170bd85f1b) Importer(815301076,1909f56bfc062723c751e8b465ee728b)  -> (artifact id: '4b44090439bd6e7a463a9e6c47f83341') in 0.016491 seconds
  Import took 0.020351 seconds .

========================================================================
Received Import Request.
  Time since last request: 0.000329 seconds.
  path: Assets/Textures/wall.jpg
  artifactKey: Guid(6753f1ea002e9604abff48c161975340) Importer(815301076,1909f56bfc062723c751e8b465ee728b)
Start importing Assets/Textures/wall.jpg using Guid(6753f1ea002e9604abff48c161975340) Importer(815301076,1909f56bfc062723c751e8b465ee728b)  -> (artifact id: 'd08029c75280e1a8e6e9aa09ae668b38') in 0.016069 seconds
  Import took 0.019394 seconds .

========================================================================
Received Import Request.
  Time since last request: 0.000322 seconds.
  path: Assets/Textures/wallpaper.jpg
  artifactKey: Guid(1fc97bcb71e0aef4685c1339b02b6a3f) Importer(815301076,1909f56bfc062723c751e8b465ee728b)
Start importing Assets/Textures/wallpaper.jpg using Guid(1fc97bcb71e0aef4685c1339b02b6a3f) Importer(815301076,1909f56bfc062723c751e8b465ee728b)  -> (artifact id: '8e48a605275c924732495faeb3333d6d') in 0.015762 seconds
  Import took 0.019600 seconds .

========================================================================
Received Import Request.
  Time since last request: 0.000294 seconds.
  path: Assets/Textures/tecido.jpg
  artifactKey: Guid(4c75b9924a53b544bb4d926ecad70c89) Importer(815301076,1909f56bfc062723c751e8b465ee728b)
Start importing Assets/Textures/tecido.jpg using Guid(4c75b9924a53b544bb4d926ecad70c89) Importer(815301076,1909f56bfc062723c751e8b465ee728b)  -> (artifact id: '1d8f58521f40739d5f8c5d1697ff05a9') in 0.015428 seconds
  Import took 0.018879 seconds .

========================================================================
Received Prepare
Registering precompiled user dll's ...
Registered in 0.001330 seconds.
Begin MonoManager ReloadAssembly
Native extension for WindowsStandalone target not found
Refreshing native plugins compatible for Editor in 0.73 ms, found 0 plugins.
Preloading 0 native plugins for Editor in 0.00 ms.
Mono: successfully reloaded assembly
- Completed reload, in  1.422 seconds
Platform modules already initialized, skipping
Refreshing native plugins compatible for Editor in 0.64 ms, found 0 plugins.
Preloading 0 native plugins for Editor in 0.00 ms.
Unloading 1228 Unused Serialized files (Serialized files now loaded: 0)
System memory in use before: 94.3 MB.
System memory in use after: 94.4 MB.

Unloading 6 unused Assets to reduce memory usage. Loaded Objects now: 1774.
Total: 3.279900 ms (FindLiveObjects: 0.375100 ms CreateObjectMapping: 0.071200 ms MarkObjects: 2.588600 ms  DeleteObjects: 0.242900 ms)

========================================================================
Received Import Request.
  Time since last request: 38.495626 seconds.
  path: Assets/SampleScenes/Menu/Prefabs/NetworkScoreBarUI.prefab
  artifactKey: Guid(3da1cd500d4e06d4bb56050e320d9b22) Importer(815301076,1909f56bfc062723c751e8b465ee728b)
Start importing Assets/SampleScenes/Menu/Prefabs/NetworkScoreBarUI.prefab using Guid(3da1cd500d4e06d4bb56050e320d9b22) Importer(815301076,1909f56bfc062723c751e8b465ee728b)  -> (artifact id: '820a7e438515d4bd94f3428ee4637ca8') in 0.094788 seconds
  Import took 0.098871 seconds .

========================================================================
Received Import Request.
  Time since last request: 0.000290 seconds.
  path: Assets/SampleScenes/Prefabs/ResetterUI.prefab
  artifactKey: Guid(28e490010bed5ea47a8a69e81bdd0c1c) Importer(815301076,1909f56bfc062723c751e8b465ee728b)
Start importing Assets/SampleScenes/Prefabs/ResetterUI.prefab using Guid(28e490010bed5ea47a8a69e81bdd0c1c) Importer(815301076,1909f56bfc062723c751e8b465ee728b)  -> (artifact id: '25b8692056a4ded43105ccf72ecefee3') in 0.013121 seconds
  Import took 0.016539 seconds .

========================================================================
Received Import Request.
  Time since last request: 1.293476 seconds.
  path: Assets/SampleScenes/Models/GroundRunway.FBX
  artifactKey: Guid(b02e63c7c24117e45acd64f6e5ede314) Importer(815301076,1909f56bfc062723c751e8b465ee728b)
Start importing Assets/SampleScenes/Models/GroundRunway.FBX using Guid(b02e63c7c24117e45acd64f6e5ede314) Importer(815301076,1909f56bfc062723c751e8b465ee728b)  -> (artifact id: 'c319782dedad7033b6540dcdd9949436') in 0.407406 seconds
  Import took 0.411344 seconds .

========================================================================
Received Import Request.
  Time since last request: 0.000341 seconds.
  path: Assets/SampleScenes/Textures/GUIButtonRun.png
  artifactKey: Guid(d475714451e40d84286be5d2dfabff88) Importer(815301076,1909f56bfc062723c751e8b465ee728b)
Start importing Assets/SampleScenes/Textures/GUIButtonRun.png using Guid(d475714451e40d84286be5d2dfabff88) Importer(815301076,1909f56bfc062723c751e8b465ee728b)  -> (artifact id: '52172644e1136bff8ca4b568e9fe3d67') in 0.037957 seconds
  Import took 0.041760 seconds .

========================================================================
Received Import Request.
  Time since last request: 0.000293 seconds.
  path: Assets/Standard Assets/Characters/ThirdPersonCharacter/Animation/HumanoidRunTurn.fbx
  artifactKey: Guid(1062212255550964e974f3ffb3cbaae3) Importer(815301076,1909f56bfc062723c751e8b465ee728b)
Start importing Assets/Standard Assets/Characters/ThirdPersonCharacter/Animation/HumanoidRunTurn.fbx using Guid(1062212255550964e974f3ffb3cbaae3) Importer(815301076,1909f56bfc062723c751e8b465ee728b)  -> (artifact id: 'ac3699f627004ab38b03a9d3e1f859fb') in 0.032805 seconds
  Import took 0.037103 seconds .

========================================================================
Received Import Request.
  Time since last request: 0.000298 seconds.
  path: Assets/Standard Assets/Characters/ThirdPersonCharacter/Animation/HumanoidRunTurnSharp.fbx
  artifactKey: Guid(f2bed5dc5afacff44a00de8daae9703b) Importer(815301076,1909f56bfc062723c751e8b465ee728b)
Start importing Assets/Standard Assets/Characters/ThirdPersonCharacter/Animation/HumanoidRunTurnSharp.fbx using Guid(f2bed5dc5afacff44a00de8daae9703b) Importer(815301076,1909f56bfc062723c751e8b465ee728b)  -> (artifact id: '1dd8265d58e98dced230ff0df32bea84') in 0.030158 seconds
  Import took 0.034227 seconds .

========================================================================
Received Import Request.
  Time since last request: 0.000310 seconds.
  path: Assets/Standard Assets/Characters/ThirdPersonCharacter/Animation/HumanoidRun.fbx
  artifactKey: Guid(1cb8ed3cbba15f0479fbae54e0a963df) Importer(815301076,1909f56bfc062723c751e8b465ee728b)
Start importing Assets/Standard Assets/Characters/ThirdPersonCharacter/Animation/HumanoidRun.fbx using Guid(1cb8ed3cbba15f0479fbae54e0a963df) Importer(815301076,1909f56bfc062723c751e8b465ee728b)  -> (artifact id: '2c521d6c0f1e3f88280dd3eab144a920') in 0.029649 seconds
  Import took 0.033329 seconds .

========================================================================
Received Import Request.
  Time since last request: 0.000303 seconds.
  path: Assets/Audios/run.mp3
  artifactKey: Guid(cfc6755bbceff1a4da8e254fea781e97) Importer(815301076,1909f56bfc062723c751e8b465ee728b)
Start importing Assets/Audios/run.mp3 using Guid(cfc6755bbceff1a4da8e254fea781e97) Importer(815301076,1909f56bfc062723c751e8b465ee728b)  -> (artifact id: '25a7c78786a95fc63342fbc70fbf2c44') in 0.036163 seconds
  Import took 0.040136 seconds .

========================================================================
Received Import Request.
  Time since last request: 0.000269 seconds.
  path: Assets/SampleScenes/Prefabs/GroundRunway.prefab
  artifactKey: Guid(00690c0e075198740bd736a4731c7a90) Importer(815301076,1909f56bfc062723c751e8b465ee728b)
Start importing Assets/SampleScenes/Prefabs/GroundRunway.prefab using Guid(00690c0e075198740bd736a4731c7a90) Importer(815301076,1909f56bfc062723c751e8b465ee728b)  -> (artifact id: '645f4a4ff57f7d6ae46839b15247aff0') in 0.030602 seconds
  Import took 0.034424 seconds .

========================================================================
Received Import Request.
  Time since last request: 0.000296 seconds.
  path: Assets/Standard Assets/2D/Sprites/RobotBoyRunSprite.png
  artifactKey: Guid(803baf1ea73913f46b25e07d0a79df22) Importer(815301076,1909f56bfc062723c751e8b465ee728b)
Start importing Assets/Standard Assets/2D/Sprites/RobotBoyRunSprite.png using Guid(803baf1ea73913f46b25e07d0a79df22) Importer(815301076,1909f56bfc062723c751e8b465ee728b)  -> (artifact id: '08b3b0c40e89197e24b51cdce8ec4cb0') in 0.146331 seconds
  Import took 0.149852 seconds .

========================================================================
Received Import Request.
  Time since last request: 3.213789 seconds.
  path: Assets/Animations/Run.anim
  artifactKey: Guid(fc0842d7599218c49bf94a2f0965629a) Importer(815301076,1909f56bfc062723c751e8b465ee728b)
Start importing Assets/Animations/Run.anim using Guid(fc0842d7599218c49bf94a2f0965629a) Importer(815301076,1909f56bfc062723c751e8b465ee728b)  -> (artifact id: '76a5f483af982182c96de443b7ecb9f0') in 0.012936 seconds
  Import took 0.016709 seconds .

========================================================================
Received Import Request.
  Time since last request: 0.002444 seconds.
  path: Assets/Animations/Run.anim
  artifactKey: Guid(fc0842d7599218c49bf94a2f0965629a) Importer(815301076,1909f56bfc062723c751e8b465ee728b)
Start importing Assets/Animations/Run.anim using Guid(fc0842d7599218c49bf94a2f0965629a) Importer(815301076,1909f56bfc062723c751e8b465ee728b)  -> (artifact id: '76a5f483af982182c96de443b7ecb9f0') in 0.003722 seconds
  Import took 0.006840 seconds .

========================================================================
Received Import Request.
  Time since last request: 3.712420 seconds.
  path: Assets/Animations/Run.anim
  artifactKey: Guid(fc0842d7599218c49bf94a2f0965629a) Importer(815301076,1909f56bfc062723c751e8b465ee728b)
Start importing Assets/Animations/Run.anim using Guid(fc0842d7599218c49bf94a2f0965629a) Importer(815301076,1909f56bfc062723c751e8b465ee728b)  -> (artifact id: '92690715b3fdf19766b946071002dde0') in 0.033900 seconds
  Import took 0.037737 seconds .

========================================================================
Received Import Request.
  Time since last request: 4.964165 seconds.
  path: Assets/Standard Assets/Vehicles/Car/Audio/AccelerationLow.wav
  artifactKey: Guid(c4d8928c75c21af43998193f0f038429) Importer(815301076,1909f56bfc062723c751e8b465ee728b)
Start importing Assets/Standard Assets/Vehicles/Car/Audio/AccelerationLow.wav using Guid(c4d8928c75c21af43998193f0f038429) Importer(815301076,1909f56bfc062723c751e8b465ee728b)  -> (artifact id: '2dbbc6c8b173e0ff479be43734524e2c') in 0.036263 seconds
  Import took 0.040004 seconds .

========================================================================
Received Import Request.
  Time since last request: 0.000376 seconds.
  path: Assets/Standard Assets/Vehicles/Aircraft/Materials/AircraftFuselageWhite.mat
  artifactKey: Guid(6f36a222811073946936cf1cdeb78f9c) Importer(815301076,1909f56bfc062723c751e8b465ee728b)
Start importing Assets/Standard Assets/Vehicles/Aircraft/Materials/AircraftFuselageWhite.mat using Guid(6f36a222811073946936cf1cdeb78f9c) Importer(815301076,1909f56bfc062723c751e8b465ee728b)  -> (artifact id: '64396c089983deed9f70e8b3c6f432b1') in 0.735365 seconds
  Import took 0.741446 seconds .

========================================================================
Received Import Request.
  Time since last request: 0.000422 seconds.
  path: Assets/Standard Assets/Vehicles/Aircraft/Materials/AircraftWingsJetWhite.mat
  artifactKey: Guid(365a29a7757a91544b92d59a78390495) Importer(815301076,1909f56bfc062723c751e8b465ee728b)
Start importing Assets/Standard Assets/Vehicles/Aircraft/Materials/AircraftWingsJetWhite.mat using Guid(365a29a7757a91544b92d59a78390495) Importer(815301076,1909f56bfc062723c751e8b465ee728b)  -> (artifact id: '18b76b9006daba3726981f4379d4d75c') in 0.270107 seconds
  Import took 0.276501 seconds .

========================================================================
Received Import Request.
  Time since last request: 0.000378 seconds.
  path: Assets/Standard Assets/Vehicles/Aircraft/Models/AircraftWingsPropeller.fbx
  artifactKey: Guid(8fb5ebe73f3784e4fab98b15f1299e76) Importer(815301076,1909f56bfc062723c751e8b465ee728b)
Start importing Assets/Standard Assets/Vehicles/Aircraft/Models/AircraftWingsPropeller.fbx using Guid(8fb5ebe73f3784e4fab98b15f1299e76) Importer(815301076,1909f56bfc062723c751e8b465ee728b)  -> (artifact id: '3e8eb83a4cfeb78b5143531a5656660e') in 0.800873 seconds
  Import took 0.807547 seconds .

========================================================================
Received Import Request.
  Time since last request: 0.000381 seconds.
  path: Assets/Standard Assets/Vehicles/Aircraft/Models/AircraftWingsJet.fbx
  artifactKey: Guid(63742edd796d522458d772b44affdf9b) Importer(815301076,1909f56bfc062723c751e8b465ee728b)
Start importing Assets/Standard Assets/Vehicles/Aircraft/Models/AircraftWingsJet.fbx using Guid(63742edd796d522458d772b44affdf9b) Importer(815301076,1909f56bfc062723c751e8b465ee728b)  -> (artifact id: '9104555acbb60c5d791548c311eb23ed') in 0.387966 seconds
  Import took 0.395150 seconds .

========================================================================
Received Import Request.
  Time since last request: 0.000400 seconds.
  path: Assets/Standard Assets/Vehicles/Aircraft/Materials/AircraftWingsJetGrey.mat
  artifactKey: Guid(42672579dbdf2c8449598d21e2c569ec) Importer(815301076,1909f56bfc062723c751e8b465ee728b)
Start importing Assets/Standard Assets/Vehicles/Aircraft/Materials/AircraftWingsJetGrey.mat using Guid(42672579dbdf2c8449598d21e2c569ec) Importer(815301076,1909f56bfc062723c751e8b465ee728b)  -> (artifact id: '03f40133986bd05e5f620a3de9abb0c5') in 0.114283 seconds
  Import took 0.120877 seconds .

========================================================================
Received Prepare
Registering precompiled user dll's ...
Registered in 0.001092 seconds.
Begin MonoManager ReloadAssembly
Native extension for WindowsStandalone target not found
Refreshing native plugins compatible for Editor in 0.75 ms, found 0 plugins.
Preloading 0 native plugins for Editor in 0.00 ms.
Mono: successfully reloaded assembly
- Completed reload, in  1.484 seconds
Platform modules already initialized, skipping
Refreshing native plugins compatible for Editor in 0.62 ms, found 0 plugins.
Preloading 0 native plugins for Editor in 0.00 ms.
Unloading 1228 Unused Serialized files (Serialized files now loaded: 0)
System memory in use before: 94.6 MB.
System memory in use after: 94.6 MB.

Unloading 5 unused Assets to reduce memory usage. Loaded Objects now: 1782.
Total: 3.264600 ms (FindLiveObjects: 0.375400 ms CreateObjectMapping: 0.071100 ms MarkObjects: 2.577400 ms  DeleteObjects: 0.239000 ms)

========================================================================
Received Import Request.
  Time since last request: 26.426794 seconds.
  path: Assets/Prefabs/Almofada.prefab
  artifactKey: Guid(69f3c280ba6dd4642a4eb3750eb6a680) Importer(815301076,1909f56bfc062723c751e8b465ee728b)
Start importing Assets/Prefabs/Almofada.prefab using Guid(69f3c280ba6dd4642a4eb3750eb6a680) Importer(815301076,1909f56bfc062723c751e8b465ee728b)  -> (artifact id: 'def7017162b64704a5bdc41a6007528c') in 0.101645 seconds
  Import took 0.105562 seconds .

========================================================================
Received Import Request.
  Time since last request: 0.000321 seconds.
  path: Assets/Prefabs/Door.prefab
  artifactKey: Guid(691cd1a5845e74d4c9fd0af65ed81add) Importer(815301076,1909f56bfc062723c751e8b465ee728b)
Start importing Assets/Prefabs/Door.prefab using Guid(691cd1a5845e74d4c9fd0af65ed81add) Importer(815301076,1909f56bfc062723c751e8b465ee728b)  -> (artifact id: 'af320be85219fe0b40b1beaa4b4819bc') in 0.025678 seconds
  Import took 0.029056 seconds .

========================================================================
Received Import Request.
  Time since last request: 0.000342 seconds.
  path: Assets/Prefabs/TV.prefab
  artifactKey: Guid(e072fdbf87789564aab4dc21b0138a97) Importer(815301076,1909f56bfc062723c751e8b465ee728b)
Start importing Assets/Prefabs/TV.prefab using Guid(e072fdbf87789564aab4dc21b0138a97) Importer(815301076,1909f56bfc062723c751e8b465ee728b)  -> (artifact id: 'af439ff096da0629b32d44de8a64139a') in 0.021910 seconds
  Import took 0.025435 seconds .

========================================================================
Received Import Request.
  Time since last request: 0.000357 seconds.
  path: Assets/Prefabs/Rack.prefab
  artifactKey: Guid(352e8bb9806d84e4e96628df6a3c62fb) Importer(815301076,1909f56bfc062723c751e8b465ee728b)
Start importing Assets/Prefabs/Rack.prefab using Guid(352e8bb9806d84e4e96628df6a3c62fb) Importer(815301076,1909f56bfc062723c751e8b465ee728b)  -> (artifact id: '3dba60ba730d236a5ad8323214ec65e9') in 0.021688 seconds
  Import took 0.025502 seconds .

========================================================================
Received Import Request.
  Time since last request: 0.000332 seconds.
  path: Assets/Prefabs/ThePapper.prefab
  artifactKey: Guid(918f8863659fcb946bd052a17910f8dd) Importer(815301076,1909f56bfc062723c751e8b465ee728b)
Start importing Assets/Prefabs/ThePapper.prefab using Guid(918f8863659fcb946bd052a17910f8dd) Importer(815301076,1909f56bfc062723c751e8b465ee728b)  -> (artifact id: '14440d2fe383beba33834680f7ffbbe8') in 0.021159 seconds
  Import took 0.024482 seconds .

========================================================================
Received Import Request.
  Time since last request: 0.000352 seconds.
  path: Assets/Prefabs/bed.prefab
  artifactKey: Guid(37833261110718348bcc360cc2d5b17e) Importer(815301076,1909f56bfc062723c751e8b465ee728b)
Start importing Assets/Prefabs/bed.prefab using Guid(37833261110718348bcc360cc2d5b17e) Importer(815301076,1909f56bfc062723c751e8b465ee728b)  -> (artifact id: '2bafca46e754f791d4789438e6bb9db2') in 0.022226 seconds
  Import took 0.026478 seconds .

========================================================================
Received Import Request.
  Time since last request: 0.000312 seconds.
  path: Assets/Prefabs/Janela.prefab
  artifactKey: Guid(00b86de788e8395449f09f89dd091275) Importer(815301076,1909f56bfc062723c751e8b465ee728b)
Start importing Assets/Prefabs/Janela.prefab using Guid(00b86de788e8395449f09f89dd091275) Importer(815301076,1909f56bfc062723c751e8b465ee728b)  -> (artifact id: 'ed346ddaefcbb70e5089b9046dc58a81') in 0.023549 seconds
  Import took 0.027041 seconds .

========================================================================
Received Import Request.
  Time since last request: 0.000268 seconds.
  path: Assets/Prefabs/Poltrona.prefab
  artifactKey: Guid(572f8b234c8cdaa448def23702ce1129) Importer(815301076,1909f56bfc062723c751e8b465ee728b)
Start importing Assets/Prefabs/Poltrona.prefab using Guid(572f8b234c8cdaa448def23702ce1129) Importer(815301076,1909f56bfc062723c751e8b465ee728b)  -> (artifact id: 'd8eee0cf811acdca9130925df290649e') in 0.020700 seconds
  Import took 0.024245 seconds .

========================================================================
Received Import Request.
  Time since last request: 0.000351 seconds.
  path: Assets/Prefabs/Sofa.prefab
  artifactKey: Guid(3fd38df05ad29414aa0a29b808ae9613) Importer(815301076,1909f56bfc062723c751e8b465ee728b)
Start importing Assets/Prefabs/Sofa.prefab using Guid(3fd38df05ad29414aa0a29b808ae9613) Importer(815301076,1909f56bfc062723c751e8b465ee728b)  -> (artifact id: '8048329b194e9cd5723bfbfebfcc9aab') in 0.022249 seconds
  Import took 0.025657 seconds .

========================================================================
Received Import Request.
  Time since last request: 0.000301 seconds.
  path: Assets/Prefabs/bath.prefab
  artifactKey: Guid(8c795b86a4b548a40af83534d1118675) Importer(815301076,1909f56bfc062723c751e8b465ee728b)
Start importing Assets/Prefabs/bath.prefab using Guid(8c795b86a4b548a40af83534d1118675) Importer(815301076,1909f56bfc062723c751e8b465ee728b)  -> (artifact id: 'c9280c4223d702702f1ef234f62b17c4') in 0.018917 seconds
  Import took 0.022424 seconds .

========================================================================
Received Import Request.
  Time since last request: 0.000294 seconds.
  path: Assets/Prefabs/Cadeira.prefab
  artifactKey: Guid(a066435cd9e0116439f7fbde8978d8b9) Importer(815301076,1909f56bfc062723c751e8b465ee728b)
Start importing Assets/Prefabs/Cadeira.prefab using Guid(a066435cd9e0116439f7fbde8978d8b9) Importer(815301076,1909f56bfc062723c751e8b465ee728b)  -> (artifact id: 'e1986d780627ea2e4ce225d88e3e91db') in 0.020992 seconds
  Import took 0.024573 seconds .

========================================================================
Received Import Request.
  Time since last request: 0.000296 seconds.
  path: Assets/Prefabs/Mesa.prefab
  artifactKey: Guid(49dade53e58e99c4eb845d1a1c484216) Importer(815301076,1909f56bfc062723c751e8b465ee728b)
Start importing Assets/Prefabs/Mesa.prefab using Guid(49dade53e58e99c4eb845d1a1c484216) Importer(815301076,1909f56bfc062723c751e8b465ee728b)  -> (artifact id: '235632d5984eb2cf1b83fda510b3282f') in 0.022737 seconds
  Import took 0.026093 seconds .

========================================================================
Received Prepare
Registering precompiled user dll's ...
Registered in 0.001352 seconds.
Begin MonoManager ReloadAssembly
Native extension for WindowsStandalone target not found
Refreshing native plugins compatible for Editor in 0.74 ms, found 0 plugins.
Preloading 0 native plugins for Editor in 0.00 ms.
Mono: successfully reloaded assembly
- Completed reload, in  1.455 seconds
Platform modules already initialized, skipping
Refreshing native plugins compatible for Editor in 0.71 ms, found 0 plugins.
Preloading 0 native plugins for Editor in 0.00 ms.
Unloading 1228 Unused Serialized files (Serialized files now loaded: 0)
System memory in use before: 94.6 MB.
System memory in use after: 94.7 MB.

Unloading 5 unused Assets to reduce memory usage. Loaded Objects now: 1787.
Total: 4.137100 ms (FindLiveObjects: 0.627200 ms CreateObjectMapping: 0.160800 ms MarkObjects: 3.074800 ms  DeleteObjects: 0.271600 ms)

========================================================================
Received Prepare
Registering precompiled user dll's ...
Registered in 0.001234 seconds.
Begin MonoManager ReloadAssembly
Native extension for WindowsStandalone target not found
Refreshing native plugins compatible for Editor in 0.56 ms, found 0 plugins.
Preloading 0 native plugins for Editor in 0.00 ms.
Mono: successfully reloaded assembly
- Completed reload, in  1.307 seconds
Platform modules already initialized, skipping
Refreshing native plugins compatible for Editor in 0.64 ms, found 0 plugins.
Preloading 0 native plugins for Editor in 0.00 ms.
Unloading 1228 Unused Serialized files (Serialized files now loaded: 0)
System memory in use before: 94.6 MB.
System memory in use after: 94.7 MB.

Unloading 5 unused Assets to reduce memory usage. Loaded Objects now: 1790.
Total: 3.931600 ms (FindLiveObjects: 0.439200 ms CreateObjectMapping: 0.086700 ms MarkObjects: 3.079800 ms  DeleteObjects: 0.323400 ms)

========================================================================
Received Prepare
Registering precompiled user dll's ...
Registered in 0.001149 seconds.
Begin MonoManager ReloadAssembly
Native extension for WindowsStandalone target not found
Refreshing native plugins compatible for Editor in 0.64 ms, found 0 plugins.
Preloading 0 native plugins for Editor in 0.00 ms.
Mono: successfully reloaded assembly
- Completed reload, in  1.537 seconds
Platform modules already initialized, skipping
Refreshing native plugins compatible for Editor in 0.68 ms, found 0 plugins.
Preloading 0 native plugins for Editor in 0.00 ms.
Unloading 1228 Unused Serialized files (Serialized files now loaded: 0)
System memory in use before: 94.6 MB.
System memory in use after: 94.7 MB.

Unloading 5 unused Assets to reduce memory usage. Loaded Objects now: 1793.
Total: 3.724400 ms (FindLiveObjects: 0.448500 ms CreateObjectMapping: 0.082900 ms MarkObjects: 2.932400 ms  DeleteObjects: 0.258500 ms)

========================================================================
Received Prepare
Registering precompiled user dll's ...
Registered in 0.001192 seconds.
Begin MonoManager ReloadAssembly
Native extension for WindowsStandalone target not found
Refreshing native plugins compatible for Editor in 0.64 ms, found 0 plugins.
Preloading 0 native plugins for Editor in 0.00 ms.
Mono: successfully reloaded assembly
- Completed reload, in  1.385 seconds
Platform modules already initialized, skipping
Refreshing native plugins compatible for Editor in 0.60 ms, found 0 plugins.
Preloading 0 native plugins for Editor in 0.00 ms.
Unloading 1228 Unused Serialized files (Serialized files now loaded: 0)
System memory in use before: 94.6 MB.
System memory in use after: 94.7 MB.

Unloading 5 unused Assets to reduce memory usage. Loaded Objects now: 1796.
Total: 4.195700 ms (FindLiveObjects: 0.546200 ms CreateObjectMapping: 0.130200 ms MarkObjects: 3.245900 ms  DeleteObjects: 0.271600 ms)

========================================================================
Received Prepare
Registering precompiled user dll's ...
Registered in 0.001415 seconds.
Begin MonoManager ReloadAssembly
Native extension for WindowsStandalone target not found
Refreshing native plugins compatible for Editor in 0.57 ms, found 0 plugins.
Preloading 0 native plugins for Editor in 0.00 ms.
Mono: successfully reloaded assembly
- Completed reload, in  1.292 seconds
Platform modules already initialized, skipping
Refreshing native plugins compatible for Editor in 0.72 ms, found 0 plugins.
Preloading 0 native plugins for Editor in 0.00 ms.
Unloading 1228 Unused Serialized files (Serialized files now loaded: 0)
System memory in use before: 94.6 MB.
System memory in use after: 94.7 MB.

Unloading 5 unused Assets to reduce memory usage. Loaded Objects now: 1799.
Total: 3.267800 ms (FindLiveObjects: 0.413800 ms CreateObjectMapping: 0.081500 ms MarkObjects: 2.525500 ms  DeleteObjects: 0.245100 ms)

========================================================================
Received Prepare
Registering precompiled user dll's ...
Registered in 0.001281 seconds.
Begin MonoManager ReloadAssembly
Native extension for WindowsStandalone target not found
Refreshing native plugins compatible for Editor in 0.58 ms, found 0 plugins.
Preloading 0 native plugins for Editor in 0.00 ms.
Mono: successfully reloaded assembly
- Completed reload, in  1.300 seconds
Platform modules already initialized, skipping
Refreshing native plugins compatible for Editor in 0.66 ms, found 0 plugins.
Preloading 0 native plugins for Editor in 0.00 ms.
Unloading 1228 Unused Serialized files (Serialized files now loaded: 0)
System memory in use before: 94.6 MB.
System memory in use after: 94.7 MB.

Unloading 5 unused Assets to reduce memory usage. Loaded Objects now: 1802.
Total: 3.338500 ms (FindLiveObjects: 0.393700 ms CreateObjectMapping: 0.088800 ms MarkObjects: 2.589400 ms  DeleteObjects: 0.264900 ms)

========================================================================
Received Prepare
Registering precompiled user dll's ...
Registered in 0.014195 seconds.
Begin MonoManager ReloadAssembly
Native extension for WindowsStandalone target not found
Refreshing native plugins compatible for Editor in 0.62 ms, found 0 plugins.
Preloading 0 native plugins for Editor in 0.00 ms.
Mono: successfully reloaded assembly
- Completed reload, in  1.382 seconds
Platform modules already initialized, skipping
Refreshing native plugins compatible for Editor in 0.59 ms, found 0 plugins.
Preloading 0 native plugins for Editor in 0.00 ms.
Unloading 1228 Unused Serialized files (Serialized files now loaded: 0)
System memory in use before: 94.6 MB.
System memory in use after: 94.7 MB.

Unloading 5 unused Assets to reduce memory usage. Loaded Objects now: 1805.
Total: 4.339900 ms (FindLiveObjects: 0.429100 ms CreateObjectMapping: 0.079800 ms MarkObjects: 3.544000 ms  DeleteObjects: 0.284500 ms)

AssetImportWorkerClient::OnTransportError - code=2 error=End of file
