Using pre-set license
Built from '2020.3/staging' branch; Version is '2020.3.9f1 (108be757e447) revision 1084391'; Using compiler version '192528614'; Build Type 'Release'
OS: 'Windows 10 Pro; OS build 18363.1316; Version 1909; 64bit' Language: 'pt' Physical Memory: 8191 MB
BatchMode: 1, IsHumanControllingUs: 0, StartBugReporterOnCrash: 0, Is64bit: 1, IsPro: 0

 COMMAND LINE ARGUMENTS:
C:\Program Files\Unity\Hub\Editor\2020.3.9f1\Editor\Unity.exe
-adb2
-batchMode
-noUpm
-name
AssetImportWorker0
-projectPath
C:/Users/Usuario/Game/Ho
-logFile
Logs/AssetImportWorker0.log
-srvPort
52479
Successfully changed project path to: C:/Users/Usuario/Game/Ho
C:/Users/Usuario/Game/Ho
Using Asset Import Pipeline V2.
Refreshing native plugins compatible for Editor in 52.73 ms, found 0 plugins.
Preloading 0 native plugins for Editor in 0.00 ms.
Initialize engine version: 2020.3.9f1 (108be757e447)
[Subsystems] Discovering subsystems at path C:/Program Files/Unity/Hub/Editor/2020.3.9f1/Editor/Data/Resources/UnitySubsystems
[Subsystems] Discovering subsystems at path C:/Users/Usuario/Game/Ho/Assets
GfxDevice: creating device client; threaded=0
Direct3D:
    Version:  Direct3D 11.0 [level 11.0]
    Renderer: NVIDIA GeForce GTX 750 Ti (ID=0x1380)
    Vendor:   
    VRAM:     984 MB
    Driver:   27.21.14.6647
Initialize mono
Mono path[0] = 'C:/Program Files/Unity/Hub/Editor/2020.3.9f1/Editor/Data/Managed'
Mono path[1] = 'C:/Program Files/Unity/Hub/Editor/2020.3.9f1/Editor/Data/MonoBleedingEdge/lib/mono/unityjit'
Mono config path = 'C:/Program Files/Unity/Hub/Editor/2020.3.9f1/Editor/Data/MonoBleedingEdge/etc'
Using monoOptions --debugger-agent=transport=dt_socket,embedding=1,server=y,suspend=n,address=127.0.0.1:56196
Begin MonoManager ReloadAssembly
Registering precompiled unity dll's ...
Register platform support module: C:/Program Files/Unity/Hub/Editor/2020.3.9f1/Editor/Data/PlaybackEngines/WindowsStandaloneSupport/UnityEditor.WindowsStandalone.Extensions.dll
Registered in 0.003001 seconds.
Native extension for WindowsStandalone target not found
Refreshing native plugins compatible for Editor in 54.50 ms, found 0 plugins.
Preloading 0 native plugins for Editor in 0.00 ms.
Mono: successfully reloaded assembly
- Completed reload, in  1.796 seconds
Platform modules already initialized, skipping
Registering precompiled user dll's ...
Registered in 0.001305 seconds.
Begin MonoManager ReloadAssembly
Native extension for WindowsStandalone target not found
Refreshing native plugins compatible for Editor in 0.61 ms, found 0 plugins.
Preloading 0 native plugins for Editor in 0.00 ms.
Mono: successfully reloaded assembly
- Completed reload, in  1.435 seconds
Platform modules already initialized, skipping
========================================================================
Worker process is ready to serve import requests
Launched and connected shader compiler UnityShaderCompiler.exe after 0.08 seconds
Refreshing native plugins compatible for Editor in 0.64 ms, found 0 plugins.
Preloading 0 native plugins for Editor in 0.00 ms.
Unloading 1271 Unused Serialized files (Serialized files now loaded: 0)
System memory in use before: 81.6 MB.
System memory in use after: 81.7 MB.

Unloading 10 unused Assets to reduce memory usage. Loaded Objects now: 1722.
Total: 4.469200 ms (FindLiveObjects: 0.480900 ms CreateObjectMapping: 0.094100 ms MarkObjects: 3.459300 ms  DeleteObjects: 0.432100 ms)

========================================================================
Received Import Request.
  path: Assets/Prefabs/Door.prefab
  artifactKey: Guid(691cd1a5845e74d4c9fd0af65ed81add) Importer(815301076,1909f56bfc062723c751e8b465ee728b)
Start importing Assets/Prefabs/Door.prefab using Guid(691cd1a5845e74d4c9fd0af65ed81add) Importer(815301076,1909f56bfc062723c751e8b465ee728b)  -> (artifact id: 'af320be85219fe0b40b1beaa4b4819bc') in 0.206082 seconds
  Import took 0.211468 seconds .

========================================================================
Received Import Request.
  Time since last request: 17.298576 seconds.
  path: Assets/Standard Assets/Characters/FirstPersonCharacter/Scripts/Papper.cs
  artifactKey: Guid(b39febc010051764f9e18d626bac0439) Importer(815301076,1909f56bfc062723c751e8b465ee728b)
Start importing Assets/Standard Assets/Characters/FirstPersonCharacter/Scripts/Papper.cs using Guid(b39febc010051764f9e18d626bac0439) Importer(815301076,1909f56bfc062723c751e8b465ee728b)  -> (artifact id: 'd4a9f6110a867730c3366cea24aa1f2a') in 0.013133 seconds
  Import took 0.016725 seconds .

========================================================================
Received Prepare
Registering precompiled user dll's ...
Registered in 0.001275 seconds.
Begin MonoManager ReloadAssembly
Native extension for WindowsStandalone target not found
Refreshing native plugins compatible for Editor in 0.77 ms, found 0 plugins.
Preloading 0 native plugins for Editor in 0.00 ms.
Mono: successfully reloaded assembly
- Completed reload, in  1.894 seconds
Platform modules already initialized, skipping
Refreshing native plugins compatible for Editor in 0.62 ms, found 0 plugins.
Preloading 0 native plugins for Editor in 0.00 ms.
Unloading 1225 Unused Serialized files (Serialized files now loaded: 0)
System memory in use before: 80.5 MB.
System memory in use after: 80.6 MB.

Unloading 5 unused Assets to reduce memory usage. Loaded Objects now: 1733.
Total: 3.401100 ms (FindLiveObjects: 0.359300 ms CreateObjectMapping: 0.086100 ms MarkObjects: 2.708900 ms  DeleteObjects: 0.244600 ms)

========================================================================
Received Prepare
Registering precompiled user dll's ...
Registered in 0.001619 seconds.
Begin MonoManager ReloadAssembly
Native extension for WindowsStandalone target not found
Refreshing native plugins compatible for Editor in 0.60 ms, found 0 plugins.
Preloading 0 native plugins for Editor in 0.00 ms.
Mono: successfully reloaded assembly
- Completed reload, in  1.320 seconds
Platform modules already initialized, skipping
Refreshing native plugins compatible for Editor in 0.82 ms, found 0 plugins.
Preloading 0 native plugins for Editor in 0.00 ms.
Unloading 1225 Unused Serialized files (Serialized files now loaded: 0)
System memory in use before: 80.5 MB.
System memory in use after: 80.6 MB.

Unloading 5 unused Assets to reduce memory usage. Loaded Objects now: 1736.
Total: 4.194500 ms (FindLiveObjects: 0.460100 ms CreateObjectMapping: 0.090100 ms MarkObjects: 3.273700 ms  DeleteObjects: 0.368200 ms)

========================================================================
Received Import Request.
  Time since last request: 53.378163 seconds.
  path: Assets/Standard Assets/Characters/FirstPersonCharacter/Scripts/Papper.cs
  artifactKey: Guid(b39febc010051764f9e18d626bac0439) Importer(815301076,1909f56bfc062723c751e8b465ee728b)
Start importing Assets/Standard Assets/Characters/FirstPersonCharacter/Scripts/Papper.cs using Guid(b39febc010051764f9e18d626bac0439) Importer(815301076,1909f56bfc062723c751e8b465ee728b)  -> (artifact id: '47780dfd58e17564e9148192ca38ece0') in 0.009958 seconds
  Import took 0.015274 seconds .

========================================================================
Received Prepare
Registering precompiled user dll's ...
Registered in 0.001431 seconds.
Begin MonoManager ReloadAssembly
Native extension for WindowsStandalone target not found
Refreshing native plugins compatible for Editor in 0.63 ms, found 0 plugins.
Preloading 0 native plugins for Editor in 0.00 ms.
Mono: successfully reloaded assembly
- Completed reload, in  1.360 seconds
Platform modules already initialized, skipping
Refreshing native plugins compatible for Editor in 0.60 ms, found 0 plugins.
Preloading 0 native plugins for Editor in 0.00 ms.
Unloading 1225 Unused Serialized files (Serialized files now loaded: 0)
System memory in use before: 80.6 MB.
System memory in use after: 80.6 MB.

Unloading 5 unused Assets to reduce memory usage. Loaded Objects now: 1739.
Total: 3.441700 ms (FindLiveObjects: 0.383400 ms CreateObjectMapping: 0.078800 ms MarkObjects: 2.741000 ms  DeleteObjects: 0.236300 ms)

========================================================================
Received Prepare
Registering precompiled user dll's ...
Registered in 0.001412 seconds.
Begin MonoManager ReloadAssembly
Native extension for WindowsStandalone target not found
Refreshing native plugins compatible for Editor in 0.66 ms, found 0 plugins.
Preloading 0 native plugins for Editor in 0.00 ms.
Mono: successfully reloaded assembly
- Completed reload, in  1.352 seconds
Platform modules already initialized, skipping
Refreshing native plugins compatible for Editor in 0.60 ms, found 0 plugins.
Preloading 0 native plugins for Editor in 0.00 ms.
Unloading 1225 Unused Serialized files (Serialized files now loaded: 0)
System memory in use before: 80.6 MB.
System memory in use after: 80.6 MB.

Unloading 5 unused Assets to reduce memory usage. Loaded Objects now: 1742.
Total: 3.350900 ms (FindLiveObjects: 0.386900 ms CreateObjectMapping: 0.081000 ms MarkObjects: 2.626900 ms  DeleteObjects: 0.253800 ms)

========================================================================
Received Prepare
Registering precompiled user dll's ...
Registered in 0.001425 seconds.
Begin MonoManager ReloadAssembly
Native extension for WindowsStandalone target not found
Refreshing native plugins compatible for Editor in 0.59 ms, found 0 plugins.
Preloading 0 native plugins for Editor in 0.00 ms.
Mono: successfully reloaded assembly
- Completed reload, in  1.336 seconds
Platform modules already initialized, skipping
Refreshing native plugins compatible for Editor in 0.63 ms, found 0 plugins.
Preloading 0 native plugins for Editor in 0.00 ms.
Unloading 1225 Unused Serialized files (Serialized files now loaded: 0)
System memory in use before: 80.6 MB.
System memory in use after: 80.6 MB.

Unloading 5 unused Assets to reduce memory usage. Loaded Objects now: 1745.
Total: 3.776600 ms (FindLiveObjects: 0.397800 ms CreateObjectMapping: 0.078400 ms MarkObjects: 3.044100 ms  DeleteObjects: 0.254000 ms)

========================================================================
Received Prepare
Registering precompiled user dll's ...
Registered in 0.001564 seconds.
Begin MonoManager ReloadAssembly
Native extension for WindowsStandalone target not found
Refreshing native plugins compatible for Editor in 0.57 ms, found 0 plugins.
Preloading 0 native plugins for Editor in 0.00 ms.
Mono: successfully reloaded assembly
- Completed reload, in  1.762 seconds
Platform modules already initialized, skipping
Refreshing native plugins compatible for Editor in 0.58 ms, found 0 plugins.
Preloading 0 native plugins for Editor in 0.00 ms.
Unloading 1225 Unused Serialized files (Serialized files now loaded: 0)
System memory in use before: 80.6 MB.
System memory in use after: 80.7 MB.

Unloading 5 unused Assets to reduce memory usage. Loaded Objects now: 1748.
Total: 3.406600 ms (FindLiveObjects: 0.467300 ms CreateObjectMapping: 0.091300 ms MarkObjects: 2.600000 ms  DeleteObjects: 0.246000 ms)

========================================================================
Received Prepare
Registering precompiled user dll's ...
Registered in 0.001372 seconds.
Begin MonoManager ReloadAssembly
Native extension for WindowsStandalone target not found
Refreshing native plugins compatible for Editor in 0.63 ms, found 0 plugins.
Preloading 0 native plugins for Editor in 0.00 ms.
Mono: successfully reloaded assembly
- Completed reload, in  1.311 seconds
Platform modules already initialized, skipping
Refreshing native plugins compatible for Editor in 0.63 ms, found 0 plugins.
Preloading 0 native plugins for Editor in 0.00 ms.
Unloading 1225 Unused Serialized files (Serialized files now loaded: 0)
System memory in use before: 80.6 MB.
System memory in use after: 80.7 MB.

Unloading 5 unused Assets to reduce memory usage. Loaded Objects now: 1751.
Total: 3.300100 ms (FindLiveObjects: 0.371500 ms CreateObjectMapping: 0.073100 ms MarkObjects: 2.609900 ms  DeleteObjects: 0.243600 ms)

========================================================================
Received Prepare
Registering precompiled user dll's ...
Registered in 0.001337 seconds.
Begin MonoManager ReloadAssembly
Native extension for WindowsStandalone target not found
Refreshing native plugins compatible for Editor in 0.74 ms, found 0 plugins.
Preloading 0 native plugins for Editor in 0.00 ms.
Mono: successfully reloaded assembly
- Completed reload, in  1.571 seconds
Platform modules already initialized, skipping
Refreshing native plugins compatible for Editor in 0.63 ms, found 0 plugins.
Preloading 0 native plugins for Editor in 0.00 ms.
Unloading 1225 Unused Serialized files (Serialized files now loaded: 0)
System memory in use before: 80.6 MB.
System memory in use after: 80.7 MB.

Unloading 5 unused Assets to reduce memory usage. Loaded Objects now: 1754.
Total: 5.107600 ms (FindLiveObjects: 0.423200 ms CreateObjectMapping: 0.084600 ms MarkObjects: 4.212300 ms  DeleteObjects: 0.384800 ms)

========================================================================
Received Prepare
Registering precompiled user dll's ...
Registered in 0.001388 seconds.
Begin MonoManager ReloadAssembly
Native extension for WindowsStandalone target not found
Refreshing native plugins compatible for Editor in 0.64 ms, found 0 plugins.
Preloading 0 native plugins for Editor in 0.00 ms.
Mono: successfully reloaded assembly
- Completed reload, in  1.539 seconds
Platform modules already initialized, skipping
Refreshing native plugins compatible for Editor in 0.82 ms, found 0 plugins.
Preloading 0 native plugins for Editor in 0.00 ms.
Unloading 1225 Unused Serialized files (Serialized files now loaded: 0)
System memory in use before: 80.6 MB.
System memory in use after: 80.7 MB.

Unloading 5 unused Assets to reduce memory usage. Loaded Objects now: 1757.
Total: 4.228700 ms (FindLiveObjects: 0.545000 ms CreateObjectMapping: 0.160200 ms MarkObjects: 3.239000 ms  DeleteObjects: 0.282200 ms)

========================================================================
Received Prepare
Registering precompiled user dll's ...
Registered in 0.001245 seconds.
Begin MonoManager ReloadAssembly
Native extension for WindowsStandalone target not found
Refreshing native plugins compatible for Editor in 0.65 ms, found 0 plugins.
Preloading 0 native plugins for Editor in 0.00 ms.
Mono: successfully reloaded assembly
- Completed reload, in  1.349 seconds
Platform modules already initialized, skipping
Refreshing native plugins compatible for Editor in 0.75 ms, found 0 plugins.
Preloading 0 native plugins for Editor in 0.00 ms.
Unloading 1225 Unused Serialized files (Serialized files now loaded: 0)
System memory in use before: 80.6 MB.
System memory in use after: 80.7 MB.

Unloading 5 unused Assets to reduce memory usage. Loaded Objects now: 1760.
Total: 3.277100 ms (FindLiveObjects: 0.353300 ms CreateObjectMapping: 0.071100 ms MarkObjects: 2.607200 ms  DeleteObjects: 0.243700 ms)

========================================================================
Received Prepare
Registering precompiled user dll's ...
Registered in 0.001587 seconds.
Begin MonoManager ReloadAssembly
Native extension for WindowsStandalone target not found
Refreshing native plugins compatible for Editor in 0.63 ms, found 0 plugins.
Preloading 0 native plugins for Editor in 0.00 ms.
Mono: successfully reloaded assembly
- Completed reload, in  1.302 seconds
Platform modules already initialized, skipping
Refreshing native plugins compatible for Editor in 0.60 ms, found 0 plugins.
Preloading 0 native plugins for Editor in 0.00 ms.
Unloading 1225 Unused Serialized files (Serialized files now loaded: 0)
System memory in use before: 80.6 MB.
System memory in use after: 80.7 MB.

Unloading 5 unused Assets to reduce memory usage. Loaded Objects now: 1763.
Total: 3.811600 ms (FindLiveObjects: 0.453300 ms CreateObjectMapping: 0.086800 ms MarkObjects: 3.025300 ms  DeleteObjects: 0.244200 ms)

========================================================================
Received Import Request.
  Time since last request: 531.192650 seconds.
  path: Assets/Standard Assets/Characters/FirstPersonCharacter/Scripts/ThePapper.cs
  artifactKey: Guid(7e1f3199c359ad4469ec4eec2bbdc43e) Importer(815301076,1909f56bfc062723c751e8b465ee728b)
Start importing Assets/Standard Assets/Characters/FirstPersonCharacter/Scripts/ThePapper.cs using Guid(7e1f3199c359ad4469ec4eec2bbdc43e) Importer(815301076,1909f56bfc062723c751e8b465ee728b)  -> (artifact id: '89f58ee8c1caaec42b58560ae0ed9e24') in 0.019102 seconds
  Import took 0.023620 seconds .

========================================================================
Received Import Request.
  Time since last request: 64.644498 seconds.
  path: Assets/Standard Assets/Characters/FirstPersonCharacter/Scripts/ThePapper.cs
  artifactKey: Guid(7e1f3199c359ad4469ec4eec2bbdc43e) Importer(815301076,1909f56bfc062723c751e8b465ee728b)
Start importing Assets/Standard Assets/Characters/FirstPersonCharacter/Scripts/ThePapper.cs using Guid(7e1f3199c359ad4469ec4eec2bbdc43e) Importer(815301076,1909f56bfc062723c751e8b465ee728b)  -> (artifact id: '576b3c0248e3e914ceb0096a69d163aa') in 0.003699 seconds
  Import took 0.007235 seconds .

========================================================================
Received Prepare
Registering precompiled user dll's ...
Registered in 0.002163 seconds.
Begin MonoManager ReloadAssembly
Native extension for WindowsStandalone target not found
Refreshing native plugins compatible for Editor in 0.56 ms, found 0 plugins.
Preloading 0 native plugins for Editor in 0.00 ms.
Mono: successfully reloaded assembly
- Completed reload, in  1.337 seconds
Platform modules already initialized, skipping
Refreshing native plugins compatible for Editor in 0.76 ms, found 0 plugins.
Preloading 0 native plugins for Editor in 0.00 ms.
Unloading 1226 Unused Serialized files (Serialized files now loaded: 0)
System memory in use before: 80.6 MB.
System memory in use after: 80.7 MB.

Unloading 5 unused Assets to reduce memory usage. Loaded Objects now: 1767.
Total: 4.255400 ms (FindLiveObjects: 0.512300 ms CreateObjectMapping: 0.166100 ms MarkObjects: 3.111300 ms  DeleteObjects: 0.462900 ms)

========================================================================
Received Import Request.
  Time since last request: 21.323962 seconds.
  path: Assets/Standard Assets/Characters/FirstPersonCharacter/Scripts/ThePapper.cs
  artifactKey: Guid(7e1f3199c359ad4469ec4eec2bbdc43e) Importer(815301076,1909f56bfc062723c751e8b465ee728b)
Start importing Assets/Standard Assets/Characters/FirstPersonCharacter/Scripts/ThePapper.cs using Guid(7e1f3199c359ad4469ec4eec2bbdc43e) Importer(815301076,1909f56bfc062723c751e8b465ee728b)  -> (artifact id: 'db11626bf415935c251a114637e9fa59') in 0.016358 seconds
  Import took 0.021614 seconds .

========================================================================
Received Import Request.
  Time since last request: 38.600828 seconds.
  path: Assets/Materials/New Material 4.mat
  artifactKey: Guid(0c9c73c57be76fe4b97fc336446a6d2e) Importer(815301076,1909f56bfc062723c751e8b465ee728b)
Start importing Assets/Materials/New Material 4.mat using Guid(0c9c73c57be76fe4b97fc336446a6d2e) Importer(815301076,1909f56bfc062723c751e8b465ee728b)  -> (artifact id: '8f1946925d8b1ecab65c28178cb98673') in 0.294342 seconds
  Import took 0.298273 seconds .

========================================================================
Received Import Request.
  Time since last request: 18.742866 seconds.
  path: Assets/Materials/New Material 4.mat
  artifactKey: Guid(0c9c73c57be76fe4b97fc336446a6d2e) Importer(815301076,1909f56bfc062723c751e8b465ee728b)
Start importing Assets/Materials/New Material 4.mat using Guid(0c9c73c57be76fe4b97fc336446a6d2e) Importer(815301076,1909f56bfc062723c751e8b465ee728b)  -> (artifact id: 'eac751984718cff0ce0abc9ceb762b6e') in 0.025239 seconds
  Import took 0.029044 seconds .

========================================================================
Received Import Request.
  Time since last request: 27.395148 seconds.
  path: ProjectSettings/TagManager.asset
  artifactKey: Guid(00000000000000003000000000000000) Importer(815301076,1909f56bfc062723c751e8b465ee728b)
Start importing ProjectSettings/TagManager.asset using Guid(00000000000000003000000000000000) Importer(815301076,1909f56bfc062723c751e8b465ee728b)  -> (artifact id: 'c272e2471402e03b8edeb22f7cfd6692') in 0.014472 seconds
  Import took 0.018261 seconds .

========================================================================
Received Prepare
Registering precompiled user dll's ...
Registered in 0.001399 seconds.
Begin MonoManager ReloadAssembly
Native extension for WindowsStandalone target not found
Refreshing native plugins compatible for Editor in 0.91 ms, found 0 plugins.
Preloading 0 native plugins for Editor in 0.00 ms.
Mono: successfully reloaded assembly
- Completed reload, in  1.830 seconds
Platform modules already initialized, skipping
Refreshing native plugins compatible for Editor in 0.64 ms, found 0 plugins.
Preloading 0 native plugins for Editor in 0.00 ms.
Unloading 1226 Unused Serialized files (Serialized files now loaded: 0)
System memory in use before: 80.9 MB.
System memory in use after: 80.9 MB.

Unloading 6 unused Assets to reduce memory usage. Loaded Objects now: 1804.
Total: 3.592200 ms (FindLiveObjects: 0.424600 ms CreateObjectMapping: 0.084200 ms MarkObjects: 2.817800 ms  DeleteObjects: 0.263500 ms)

========================================================================
Received Prepare
Registering precompiled user dll's ...
Registered in 0.001237 seconds.
Begin MonoManager ReloadAssembly
Native extension for WindowsStandalone target not found
Refreshing native plugins compatible for Editor in 0.77 ms, found 0 plugins.
Preloading 0 native plugins for Editor in 0.00 ms.
Mono: successfully reloaded assembly
- Completed reload, in  1.339 seconds
Platform modules already initialized, skipping
Refreshing native plugins compatible for Editor in 0.65 ms, found 0 plugins.
Preloading 0 native plugins for Editor in 0.00 ms.
Unloading 1226 Unused Serialized files (Serialized files now loaded: 0)
System memory in use before: 80.9 MB.
System memory in use after: 80.9 MB.

Unloading 5 unused Assets to reduce memory usage. Loaded Objects now: 1807.
Total: 3.466100 ms (FindLiveObjects: 0.418200 ms CreateObjectMapping: 0.082100 ms MarkObjects: 2.705800 ms  DeleteObjects: 0.258000 ms)

========================================================================
Received Prepare
Registering precompiled user dll's ...
Registered in 0.002723 seconds.
Begin MonoManager ReloadAssembly
Native extension for WindowsStandalone target not found
Refreshing native plugins compatible for Editor in 0.71 ms, found 0 plugins.
Preloading 0 native plugins for Editor in 0.00 ms.
Mono: successfully reloaded assembly
- Completed reload, in  1.483 seconds
Platform modules already initialized, skipping
Refreshing native plugins compatible for Editor in 1.06 ms, found 0 plugins.
Preloading 0 native plugins for Editor in 0.00 ms.
Unloading 1226 Unused Serialized files (Serialized files now loaded: 0)
System memory in use before: 80.9 MB.
System memory in use after: 80.9 MB.

Unloading 5 unused Assets to reduce memory usage. Loaded Objects now: 1810.
Total: 4.085400 ms (FindLiveObjects: 0.448200 ms CreateObjectMapping: 0.085200 ms MarkObjects: 3.284100 ms  DeleteObjects: 0.264400 ms)

========================================================================
Received Prepare
Registering precompiled user dll's ...
Registered in 0.001470 seconds.
Begin MonoManager ReloadAssembly
Native extension for WindowsStandalone target not found
Refreshing native plugins compatible for Editor in 0.72 ms, found 0 plugins.
Preloading 0 native plugins for Editor in 0.00 ms.
Mono: successfully reloaded assembly
- Completed reload, in  1.306 seconds
Platform modules already initialized, skipping
Refreshing native plugins compatible for Editor in 0.77 ms, found 0 plugins.
Preloading 0 native plugins for Editor in 0.00 ms.
Unloading 1226 Unused Serialized files (Serialized files now loaded: 0)
System memory in use before: 80.9 MB.
System memory in use after: 81.0 MB.

Unloading 5 unused Assets to reduce memory usage. Loaded Objects now: 1813.
Total: 3.797500 ms (FindLiveObjects: 0.411700 ms CreateObjectMapping: 0.081300 ms MarkObjects: 3.036900 ms  DeleteObjects: 0.264500 ms)

========================================================================
Received Prepare
Registering precompiled user dll's ...
Registered in 0.001438 seconds.
Begin MonoManager ReloadAssembly
Native extension for WindowsStandalone target not found
Refreshing native plugins compatible for Editor in 0.61 ms, found 0 plugins.
Preloading 0 native plugins for Editor in 0.00 ms.
Mono: successfully reloaded assembly
- Completed reload, in  1.447 seconds
Platform modules already initialized, skipping
Refreshing native plugins compatible for Editor in 0.68 ms, found 0 plugins.
Preloading 0 native plugins for Editor in 0.00 ms.
Unloading 1226 Unused Serialized files (Serialized files now loaded: 0)
System memory in use before: 80.9 MB.
System memory in use after: 81.0 MB.

Unloading 5 unused Assets to reduce memory usage. Loaded Objects now: 1816.
Total: 4.183300 ms (FindLiveObjects: 0.474300 ms CreateObjectMapping: 0.086800 ms MarkObjects: 3.307500 ms  DeleteObjects: 0.311600 ms)

========================================================================
Received Prepare
Registering precompiled user dll's ...
Registered in 0.001511 seconds.
Begin MonoManager ReloadAssembly
Native extension for WindowsStandalone target not found
Refreshing native plugins compatible for Editor in 0.81 ms, found 0 plugins.
Preloading 0 native plugins for Editor in 0.00 ms.
Mono: successfully reloaded assembly
- Completed reload, in  1.569 seconds
Platform modules already initialized, skipping
Refreshing native plugins compatible for Editor in 0.82 ms, found 0 plugins.
Preloading 0 native plugins for Editor in 0.00 ms.
Unloading 1226 Unused Serialized files (Serialized files now loaded: 0)
System memory in use before: 80.9 MB.
System memory in use after: 81.0 MB.

Unloading 5 unused Assets to reduce memory usage. Loaded Objects now: 1819.
Total: 4.341600 ms (FindLiveObjects: 0.427300 ms CreateObjectMapping: 0.081700 ms MarkObjects: 3.538200 ms  DeleteObjects: 0.291800 ms)

========================================================================
Received Prepare
Registering precompiled user dll's ...
Registered in 0.001462 seconds.
Begin MonoManager ReloadAssembly
Native extension for WindowsStandalone target not found
Refreshing native plugins compatible for Editor in 0.72 ms, found 0 plugins.
Preloading 0 native plugins for Editor in 0.00 ms.
Mono: successfully reloaded assembly
- Completed reload, in  1.584 seconds
Platform modules already initialized, skipping
Refreshing native plugins compatible for Editor in 0.69 ms, found 0 plugins.
Preloading 0 native plugins for Editor in 0.00 ms.
Unloading 1226 Unused Serialized files (Serialized files now loaded: 0)
System memory in use before: 80.9 MB.
System memory in use after: 81.0 MB.

Unloading 5 unused Assets to reduce memory usage. Loaded Objects now: 1822.
Total: 4.106800 ms (FindLiveObjects: 0.465700 ms CreateObjectMapping: 0.087400 ms MarkObjects: 3.247100 ms  DeleteObjects: 0.304400 ms)

========================================================================
Received Prepare
Registering precompiled user dll's ...
Registered in 0.001915 seconds.
Begin MonoManager ReloadAssembly
Native extension for WindowsStandalone target not found
Refreshing native plugins compatible for Editor in 1.03 ms, found 0 plugins.
Preloading 0 native plugins for Editor in 0.00 ms.
Mono: successfully reloaded assembly
- Completed reload, in  1.587 seconds
Platform modules already initialized, skipping
Refreshing native plugins compatible for Editor in 0.69 ms, found 0 plugins.
Preloading 0 native plugins for Editor in 0.00 ms.
Unloading 1226 Unused Serialized files (Serialized files now loaded: 0)
System memory in use before: 80.9 MB.
System memory in use after: 81.0 MB.

Unloading 5 unused Assets to reduce memory usage. Loaded Objects now: 1825.
Total: 4.183800 ms (FindLiveObjects: 0.478200 ms CreateObjectMapping: 0.149600 ms MarkObjects: 3.280500 ms  DeleteObjects: 0.273200 ms)

========================================================================
Received Prepare
Registering precompiled user dll's ...
Registered in 0.001318 seconds.
Begin MonoManager ReloadAssembly
Native extension for WindowsStandalone target not found
Refreshing native plugins compatible for Editor in 0.66 ms, found 0 plugins.
Preloading 0 native plugins for Editor in 0.00 ms.
Mono: successfully reloaded assembly
- Completed reload, in  1.322 seconds
Platform modules already initialized, skipping
Refreshing native plugins compatible for Editor in 0.63 ms, found 0 plugins.
Preloading 0 native plugins for Editor in 0.00 ms.
Unloading 1226 Unused Serialized files (Serialized files now loaded: 0)
System memory in use before: 80.9 MB.
System memory in use after: 81.0 MB.

Unloading 5 unused Assets to reduce memory usage. Loaded Objects now: 1828.
Total: 3.544200 ms (FindLiveObjects: 0.402800 ms CreateObjectMapping: 0.083400 ms MarkObjects: 2.802600 ms  DeleteObjects: 0.253300 ms)

========================================================================
Received Prepare
Registering precompiled user dll's ...
Registered in 0.001397 seconds.
Begin MonoManager ReloadAssembly
Native extension for WindowsStandalone target not found
Refreshing native plugins compatible for Editor in 1.56 ms, found 0 plugins.
Preloading 0 native plugins for Editor in 0.00 ms.
Mono: successfully reloaded assembly
- Completed reload, in  2.024 seconds
Platform modules already initialized, skipping
Refreshing native plugins compatible for Editor in 0.98 ms, found 0 plugins.
Preloading 0 native plugins for Editor in 0.00 ms.
Unloading 1226 Unused Serialized files (Serialized files now loaded: 0)
System memory in use before: 80.9 MB.
System memory in use after: 81.0 MB.

Unloading 5 unused Assets to reduce memory usage. Loaded Objects now: 1831.
Total: 5.975300 ms (FindLiveObjects: 0.511200 ms CreateObjectMapping: 0.114300 ms MarkObjects: 5.017200 ms  DeleteObjects: 0.329200 ms)

========================================================================
Received Import Request.
  Time since last request: 725.790298 seconds.
  path: Assets/Audios/laugh.mp3
  artifactKey: Guid(98832a4d090276c4f9e85fdd4d1c4534) Importer(815301076,1909f56bfc062723c751e8b465ee728b)
Start importing Assets/Audios/laugh.mp3 using Guid(98832a4d090276c4f9e85fdd4d1c4534) Importer(815301076,1909f56bfc062723c751e8b465ee728b)  -> (artifact id: 'a887e1d494da8290c3141725ece1e786') in 0.240750 seconds
  Import took 0.245672 seconds .

========================================================================
Received Import Request.
  Time since last request: 0.000283 seconds.
  path: Assets/Audios/pickup.mp3
  artifactKey: Guid(ff698240dad995d49853afdf9f493f70) Importer(815301076,1909f56bfc062723c751e8b465ee728b)
Start importing Assets/Audios/pickup.mp3 using Guid(ff698240dad995d49853afdf9f493f70) Importer(815301076,1909f56bfc062723c751e8b465ee728b)  -> (artifact id: 'bac5159a51f85b6cee5e2ed8948dfb0a') in 0.027647 seconds
  Import took 0.032389 seconds .

========================================================================
Received Import Request.
  Time since last request: 24.572402 seconds.
  path: Assets/Standard Assets/Characters/FirstPersonCharacter/Scripts/GameManager.cs
  artifactKey: Guid(7aa14ec99bad4e74e888ff62e18b78ff) Importer(815301076,1909f56bfc062723c751e8b465ee728b)
Start importing Assets/Standard Assets/Characters/FirstPersonCharacter/Scripts/GameManager.cs using Guid(7aa14ec99bad4e74e888ff62e18b78ff) Importer(815301076,1909f56bfc062723c751e8b465ee728b)  -> (artifact id: '113833e5d401c95033a7bf8c59a0cce7') in 0.014230 seconds
  Import took 0.019806 seconds .

========================================================================
Received Prepare
Registering precompiled user dll's ...
Registered in 0.001378 seconds.
Begin MonoManager ReloadAssembly
Native extension for WindowsStandalone target not found
Refreshing native plugins compatible for Editor in 0.56 ms, found 0 plugins.
Preloading 0 native plugins for Editor in 0.00 ms.
Mono: successfully reloaded assembly
- Completed reload, in  1.405 seconds
Platform modules already initialized, skipping
Refreshing native plugins compatible for Editor in 0.74 ms, found 0 plugins.
Preloading 0 native plugins for Editor in 0.00 ms.
Unloading 1227 Unused Serialized files (Serialized files now loaded: 0)
System memory in use before: 81.0 MB.
System memory in use after: 81.1 MB.

Unloading 5 unused Assets to reduce memory usage. Loaded Objects now: 1838.
Total: 3.868900 ms (FindLiveObjects: 0.447600 ms CreateObjectMapping: 0.088100 ms MarkObjects: 3.071400 ms  DeleteObjects: 0.258600 ms)

========================================================================
Received Prepare
Registering precompiled user dll's ...
Registered in 0.001836 seconds.
Begin MonoManager ReloadAssembly
Native extension for WindowsStandalone target not found
Refreshing native plugins compatible for Editor in 0.71 ms, found 0 plugins.
Preloading 0 native plugins for Editor in 0.00 ms.
Mono: successfully reloaded assembly
- Completed reload, in  1.405 seconds
Platform modules already initialized, skipping
Refreshing native plugins compatible for Editor in 0.72 ms, found 0 plugins.
Preloading 0 native plugins for Editor in 0.00 ms.
Unloading 1227 Unused Serialized files (Serialized files now loaded: 0)
System memory in use before: 81.0 MB.
System memory in use after: 81.1 MB.

Unloading 5 unused Assets to reduce memory usage. Loaded Objects now: 1841.
Total: 3.950000 ms (FindLiveObjects: 0.469400 ms CreateObjectMapping: 0.094600 ms MarkObjects: 3.076700 ms  DeleteObjects: 0.307000 ms)

========================================================================
Received Import Request.
  Time since last request: 190.356763 seconds.
  path: Assets/Standard Assets/Characters/FirstPersonCharacter/Scripts/GameManager.cs
  artifactKey: Guid(7aa14ec99bad4e74e888ff62e18b78ff) Importer(815301076,1909f56bfc062723c751e8b465ee728b)
Start importing Assets/Standard Assets/Characters/FirstPersonCharacter/Scripts/GameManager.cs using Guid(7aa14ec99bad4e74e888ff62e18b78ff) Importer(815301076,1909f56bfc062723c751e8b465ee728b)  -> (artifact id: 'e750d772bafd2482eeb3427bddb9ae08') in 0.013714 seconds
  Import took 0.017510 seconds .

========================================================================
Received Prepare
Registering precompiled user dll's ...
Registered in 0.001326 seconds.
Begin MonoManager ReloadAssembly
Native extension for WindowsStandalone target not found
Refreshing native plugins compatible for Editor in 0.59 ms, found 0 plugins.
Preloading 0 native plugins for Editor in 0.00 ms.
Mono: successfully reloaded assembly
- Completed reload, in  1.374 seconds
Platform modules already initialized, skipping
Refreshing native plugins compatible for Editor in 0.64 ms, found 0 plugins.
Preloading 0 native plugins for Editor in 0.00 ms.
Unloading 1227 Unused Serialized files (Serialized files now loaded: 0)
System memory in use before: 81.0 MB.
System memory in use after: 81.1 MB.

Unloading 5 unused Assets to reduce memory usage. Loaded Objects now: 1844.
Total: 3.612600 ms (FindLiveObjects: 0.407700 ms CreateObjectMapping: 0.084100 ms MarkObjects: 2.861500 ms  DeleteObjects: 0.257300 ms)

========================================================================
Received Prepare
Registering precompiled user dll's ...
Registered in 0.001527 seconds.
Begin MonoManager ReloadAssembly
Native extension for WindowsStandalone target not found
Refreshing native plugins compatible for Editor in 0.68 ms, found 0 plugins.
Preloading 0 native plugins for Editor in 0.00 ms.
Mono: successfully reloaded assembly
- Completed reload, in  1.361 seconds
Platform modules already initialized, skipping
Refreshing native plugins compatible for Editor in 0.72 ms, found 0 plugins.
Preloading 0 native plugins for Editor in 0.00 ms.
Unloading 1227 Unused Serialized files (Serialized files now loaded: 0)
System memory in use before: 81.0 MB.
System memory in use after: 81.1 MB.

Unloading 5 unused Assets to reduce memory usage. Loaded Objects now: 1847.
Total: 3.836000 ms (FindLiveObjects: 0.434400 ms CreateObjectMapping: 0.088900 ms MarkObjects: 2.889700 ms  DeleteObjects: 0.421100 ms)

========================================================================
Received Prepare
Registering precompiled user dll's ...
Registered in 0.001547 seconds.
Begin MonoManager ReloadAssembly
Native extension for WindowsStandalone target not found
Refreshing native plugins compatible for Editor in 0.65 ms, found 0 plugins.
Preloading 0 native plugins for Editor in 0.00 ms.
Mono: successfully reloaded assembly
- Completed reload, in  1.326 seconds
Platform modules already initialized, skipping
Refreshing native plugins compatible for Editor in 0.66 ms, found 0 plugins.
Preloading 0 native plugins for Editor in 0.00 ms.
Unloading 1227 Unused Serialized files (Serialized files now loaded: 0)
System memory in use before: 81.0 MB.
System memory in use after: 81.1 MB.

Unloading 5 unused Assets to reduce memory usage. Loaded Objects now: 1850.
Total: 4.372800 ms (FindLiveObjects: 0.406700 ms CreateObjectMapping: 0.078200 ms MarkObjects: 3.609600 ms  DeleteObjects: 0.275800 ms)

========================================================================
Received Import Request.
  Time since last request: 173.388257 seconds.
  path: Assets/Paper.prefab
  artifactKey: Guid(b6963b9a1f68e124aa6666a8a17a0ba3) Importer(815301076,1909f56bfc062723c751e8b465ee728b)
Start importing Assets/Paper.prefab using Guid(b6963b9a1f68e124aa6666a8a17a0ba3) Importer(815301076,1909f56bfc062723c751e8b465ee728b)  -> (artifact id: '2ce92bb6f48149c0e756d122c016d768') in 0.131562 seconds
  Import took 0.135652 seconds .

========================================================================
Received Import Request.
  Time since last request: 1.961448 seconds.
  path: Assets/Prefabs/Paper.prefab
  artifactKey: Guid(48a2e6c299c4def40b071939639db019) Importer(815301076,1909f56bfc062723c751e8b465ee728b)
Start importing Assets/Prefabs/Paper.prefab using Guid(48a2e6c299c4def40b071939639db019) Importer(815301076,1909f56bfc062723c751e8b465ee728b)  -> (artifact id: '1135cc4240a5a7e69da2747f0d097bc7') in 0.007145 seconds
  Import took 0.011154 seconds .

========================================================================
Received Import Request.
  Time since last request: 0.032115 seconds.
  path: Assets/Prefabs/Paper.prefab
  artifactKey: Guid(48a2e6c299c4def40b071939639db019) Importer(815301076,1909f56bfc062723c751e8b465ee728b)
Start importing Assets/Prefabs/Paper.prefab using Guid(48a2e6c299c4def40b071939639db019) Importer(815301076,1909f56bfc062723c751e8b465ee728b)  -> (artifact id: '1135cc4240a5a7e69da2747f0d097bc7') in 0.006912 seconds
  Import took 0.010572 seconds .

========================================================================
Received Import Request.
  Time since last request: 32.030999 seconds.
  path: Assets/Prefabs/ThePapper.prefab
  artifactKey: Guid(918f8863659fcb946bd052a17910f8dd) Importer(815301076,1909f56bfc062723c751e8b465ee728b)
Start importing Assets/Prefabs/ThePapper.prefab using Guid(918f8863659fcb946bd052a17910f8dd) Importer(815301076,1909f56bfc062723c751e8b465ee728b)  -> (artifact id: 'e777383aa815d9a774fbd1b45dfa1878') in 0.077106 seconds
  Import took 0.081871 seconds .

========================================================================
Received Import Request.
  Time since last request: 0.002678 seconds.
  path: Assets/Prefabs/ThePapper.prefab
  artifactKey: Guid(918f8863659fcb946bd052a17910f8dd) Importer(815301076,1909f56bfc062723c751e8b465ee728b)
Start importing Assets/Prefabs/ThePapper.prefab using Guid(918f8863659fcb946bd052a17910f8dd) Importer(815301076,1909f56bfc062723c751e8b465ee728b)  -> (artifact id: 'e777383aa815d9a774fbd1b45dfa1878') in 0.014657 seconds
  Import took 0.018715 seconds .

========================================================================
Received Prepare
Registering precompiled user dll's ...
Registered in 0.001309 seconds.
Begin MonoManager ReloadAssembly
Native extension for WindowsStandalone target not found
Refreshing native plugins compatible for Editor in 0.76 ms, found 0 plugins.
Preloading 0 native plugins for Editor in 0.00 ms.
Mono: successfully reloaded assembly
- Completed reload, in  1.774 seconds
Platform modules already initialized, skipping
Refreshing native plugins compatible for Editor in 0.61 ms, found 0 plugins.
Preloading 0 native plugins for Editor in 0.00 ms.
Unloading 1227 Unused Serialized files (Serialized files now loaded: 0)
System memory in use before: 81.1 MB.
System memory in use after: 81.1 MB.

Unloading 5 unused Assets to reduce memory usage. Loaded Objects now: 1855.
Total: 4.021600 ms (FindLiveObjects: 0.444400 ms CreateObjectMapping: 0.093900 ms MarkObjects: 3.175300 ms  DeleteObjects: 0.305600 ms)

========================================================================
Received Prepare
Registering precompiled user dll's ...
Registered in 0.001324 seconds.
Begin MonoManager ReloadAssembly
Native extension for WindowsStandalone target not found
Refreshing native plugins compatible for Editor in 1.05 ms, found 0 plugins.
Preloading 0 native plugins for Editor in 0.00 ms.
Mono: successfully reloaded assembly
- Completed reload, in  2.002 seconds
Platform modules already initialized, skipping
Refreshing native plugins compatible for Editor in 0.73 ms, found 0 plugins.
Preloading 0 native plugins for Editor in 0.00 ms.
Unloading 1227 Unused Serialized files (Serialized files now loaded: 0)
System memory in use before: 81.1 MB.
System memory in use after: 81.1 MB.

Unloading 5 unused Assets to reduce memory usage. Loaded Objects now: 1858.
Total: 3.684300 ms (FindLiveObjects: 0.431900 ms CreateObjectMapping: 0.083700 ms MarkObjects: 2.914700 ms  DeleteObjects: 0.252000 ms)

========================================================================
Received Import Request.
  Time since last request: 202.069922 seconds.
  path: Assets/Prefabs/ThePapper.prefab
  artifactKey: Guid(918f8863659fcb946bd052a17910f8dd) Importer(815301076,1909f56bfc062723c751e8b465ee728b)
Start importing Assets/Prefabs/ThePapper.prefab using Guid(918f8863659fcb946bd052a17910f8dd) Importer(815301076,1909f56bfc062723c751e8b465ee728b)  -> (artifact id: '14440d2fe383beba33834680f7ffbbe8') in 0.137526 seconds
  Import took 0.141733 seconds .

========================================================================
Received Prepare
Registering precompiled user dll's ...
Registered in 0.001434 seconds.
Begin MonoManager ReloadAssembly
Native extension for WindowsStandalone target not found
Refreshing native plugins compatible for Editor in 0.76 ms, found 0 plugins.
Preloading 0 native plugins for Editor in 0.00 ms.
Mono: successfully reloaded assembly
- Completed reload, in  1.600 seconds
Platform modules already initialized, skipping
Refreshing native plugins compatible for Editor in 1.04 ms, found 0 plugins.
Preloading 0 native plugins for Editor in 0.00 ms.
Unloading 1227 Unused Serialized files (Serialized files now loaded: 0)
System memory in use before: 81.1 MB.
System memory in use after: 81.2 MB.

Unloading 5 unused Assets to reduce memory usage. Loaded Objects now: 1862.
Total: 4.626000 ms (FindLiveObjects: 0.616700 ms CreateObjectMapping: 0.107000 ms MarkObjects: 3.623200 ms  DeleteObjects: 0.276500 ms)

========================================================================
Received Prepare
Registering precompiled user dll's ...
Registered in 0.003103 seconds.
Begin MonoManager ReloadAssembly
Native extension for WindowsStandalone target not found
Refreshing native plugins compatible for Editor in 0.66 ms, found 0 plugins.
Preloading 0 native plugins for Editor in 0.00 ms.
Mono: successfully reloaded assembly
- Completed reload, in  1.543 seconds
Platform modules already initialized, skipping
Refreshing native plugins compatible for Editor in 0.60 ms, found 0 plugins.
Preloading 0 native plugins for Editor in 0.00 ms.
Unloading 1227 Unused Serialized files (Serialized files now loaded: 0)
System memory in use before: 81.1 MB.
System memory in use after: 81.2 MB.

Unloading 5 unused Assets to reduce memory usage. Loaded Objects now: 1865.
Total: 4.655400 ms (FindLiveObjects: 0.602600 ms CreateObjectMapping: 0.110900 ms MarkObjects: 3.644800 ms  DeleteObjects: 0.293900 ms)

========================================================================
Received Prepare
Registering precompiled user dll's ...
Registered in 0.001426 seconds.
Begin MonoManager ReloadAssembly
Native extension for WindowsStandalone target not found
Refreshing native plugins compatible for Editor in 0.56 ms, found 0 plugins.
Preloading 0 native plugins for Editor in 0.00 ms.
Mono: successfully reloaded assembly
- Completed reload, in  1.441 seconds
Platform modules already initialized, skipping
Refreshing native plugins compatible for Editor in 0.63 ms, found 0 plugins.
Preloading 0 native plugins for Editor in 0.00 ms.
Unloading 1227 Unused Serialized files (Serialized files now loaded: 0)
System memory in use before: 81.1 MB.
System memory in use after: 81.2 MB.

Unloading 5 unused Assets to reduce memory usage. Loaded Objects now: 1868.
Total: 3.575000 ms (FindLiveObjects: 0.414300 ms CreateObjectMapping: 0.074300 ms MarkObjects: 2.815900 ms  DeleteObjects: 0.268600 ms)

AssetImportWorkerClient::OnTransportError - code=2 error=End of file
